[    0.000000] Initializing cgroup subsys cpuset
[    0.000000] Initializing cgroup subsys cpu
[    0.000000] Initializing cgroup subsys cpuacct
[    0.000000] Linux version 4.4.0-210-generic (buildd@lgw01-amd64-037) (gcc version 5.4.0 20160609 (Ubuntu 5.4.0-6ubuntu1~16.04.12) ) #242-Ubuntu SMP Fri Apr 16 09:57:00 UTC 2021 (Ubuntu 4.4.0-210.242-generic 4.4.262)
[    0.000000] KERNEL supported cpus:
[    0.000000]   Intel GenuineIntel
[    0.000000]   AMD AuthenticAMD
[    0.000000]   NSC Geode by NSC
[    0.000000]   Cyrix CyrixInstead
[    0.000000]   Centaur CentaurHauls
[    0.000000]   Transmeta GenuineTMx86
[    0.000000]   Transmeta TransmetaCPU
[    0.000000]   UMC UMC UMC UMC
[    0.000000] [Firmware Bug]: TSC doesn't count with P0 frequency!
[    0.000000] x86/fpu: xstate_offset[2]:  576, xstate_sizes[2]:  256
[    0.000000] x86/fpu: Supporting XSAVE feature 0x01: 'x87 floating point registers'
[    0.000000] x86/fpu: Supporting XSAVE feature 0x02: 'SSE registers'
[    0.000000] x86/fpu: Supporting XSAVE feature 0x04: 'AVX registers'
[    0.000000] x86/fpu: Enabled xstate features 0x7, context size is 832 bytes, using 'standard' format.
[    0.000000] e820: BIOS-provided physical RAM map:
[    0.000000] BIOS-e820: [mem 0x0000000000000000-0x000000000009fbff] usable
[    0.000000] BIOS-e820: [mem 0x000000000009fc00-0x000000000009ffff] reserved
[    0.000000] BIOS-e820: [mem 0x00000000000f0000-0x00000000000fffff] reserved
[    0.000000] BIOS-e820: [mem 0x0000000000100000-0x000000003ffeffff] usable
[    0.000000] BIOS-e820: [mem 0x000000003fff0000-0x000000003fffffff] ACPI data
[    0.000000] BIOS-e820: [mem 0x00000000fec00000-0x00000000fec00fff] reserved
[    0.000000] BIOS-e820: [mem 0x00000000fee00000-0x00000000fee00fff] reserved
[    0.000000] BIOS-e820: [mem 0x00000000fffc0000-0x00000000ffffffff] reserved
[    0.000000] NX (Execute Disable) protection: active
[    0.000000] SMBIOS 2.5 present.
[    0.000000] Hypervisor detected: KVM
[    0.000000] e820: last_pfn = 0x3fff0 max_arch_pfn = 0x1000000
[    0.000000] MTRR: Disabled
[    0.000000] x86/PAT: MTRRs disabled, skipping PAT initialization too.
[    0.000000] CPU MTRRs all blank - virtualized system.
[    0.000000] x86/PAT: Configuration [0-7]: WB  WT  UC- UC  WB  WT  UC- UC  
[    0.000000] found SMP MP-table at [mem 0x0009fff0-0x0009ffff] mapped at [c009fff0]
[    0.000000] Scanning 1 areas for low memory corruption
[    0.000000] RAMDISK: [mem 0x363a8000-0x371cbfff]
[    0.000000] ACPI: Early table checksum verification disabled
[    0.000000] ACPI: RSDP 0x00000000000E0000 000024 (v02 VBOX  )
[    0.000000] ACPI: XSDT 0x000000003FFF0030 00003C (v01 VBOX   VBOXXSDT 00000001 ASL  00000061)
[    0.000000] ACPI: FACP 0x000000003FFF00F0 0000F4 (v04 VBOX   VBOXFACP 00000001 ASL  00000061)
[    0.000000] ACPI: DSDT 0x000000003FFF0470 002325 (v02 VBOX   VBOXBIOS 00000002 INTL 20100528)
[    0.000000] ACPI: FACS 0x000000003FFF0200 000040
[    0.000000] ACPI: FACS 0x000000003FFF0200 000040
[    0.000000] ACPI: APIC 0x000000003FFF0240 00005C (v02 VBOX   VBOXAPIC 00000001 ASL  00000061)
[    0.000000] ACPI: SSDT 0x000000003FFF02A0 0001CC (v01 VBOX   VBOXCPUT 00000002 INTL 20100528)
[    0.000000] 131MB HIGHMEM available.
[    0.000000] 891MB LOWMEM available.
[    0.000000]   mapped low ram: 0 - 37bfe000
[    0.000000]   low ram: 0 - 37bfe000
[    0.000000] kvm-clock: Using msrs 4b564d01 and 4b564d00
[    0.000000] kvm-clock: cpu 0, msr 0:37bfd001, primary cpu clock
[    0.000000] kvm-clock: using sched offset of 3188146402 cycles
[    0.000000] clocksource: kvm-clock: mask: 0xffffffffffffffff max_cycles: 0x1cd42e4dffb, max_idle_ns: 881590591483 ns
[    0.000000] Zone ranges:
[    0.000000]   DMA      [mem 0x0000000000001000-0x0000000000ffffff]
[    0.000000]   Normal   [mem 0x0000000001000000-0x0000000037bfdfff]
[    0.000000]   HighMem  [mem 0x0000000037bfe000-0x000000003ffeffff]
[    0.000000] Movable zone start for each node
[    0.000000] Early memory node ranges
[    0.000000]   node   0: [mem 0x0000000000001000-0x000000000009efff]
[    0.000000]   node   0: [mem 0x0000000000100000-0x000000003ffeffff]
[    0.000000] Initmem setup node 0 [mem 0x0000000000001000-0x000000003ffeffff]
[    0.000000] Using APIC driver default
[    0.000000] ACPI: PM-Timer IO Port: 0x4008
[    0.000000] IOAPIC[0]: apic_id 2, version 32, address 0xfec00000, GSI 0-23
[    0.000000] ACPI: INT_SRC_OVR (bus 0 bus_irq 0 global_irq 2 dfl dfl)
[    0.000000] ACPI: INT_SRC_OVR (bus 0 bus_irq 9 global_irq 9 low level)
[    0.000000] Using ACPI (MADT) for SMP configuration information
[    0.000000] smpboot: Allowing 2 CPUs, 0 hotplug CPUs
[    0.000000] PM: Registered nosave memory: [mem 0x00000000-0x00000fff]
[    0.000000] PM: Registered nosave memory: [mem 0x0009f000-0x0009ffff]
[    0.000000] PM: Registered nosave memory: [mem 0x000a0000-0x000effff]
[    0.000000] PM: Registered nosave memory: [mem 0x000f0000-0x000fffff]
[    0.000000] e820: [mem 0x40000000-0xfebfffff] available for PCI devices
[    0.000000] Booting paravirtualized kernel on KVM
[    0.000000] clocksource: refined-jiffies: mask: 0xffffffff max_cycles: 0xffffffff, max_idle_ns: 7645519600211568 ns
[    0.000000] setup_percpu: NR_CPUS:8 nr_cpumask_bits:8 nr_cpu_ids:2 nr_node_ids:1
[    0.000000] PERCPU: Embedded 18 pages/cpu @f6384000 s42956 r0 d30772 u73728
[    0.000000] Built 1 zonelists in Zone order, mobility grouping on.  Total pages: 259800
[    0.000000] Kernel command line: BOOT_IMAGE=/boot/vmlinuz-4.4.0-210-generic root=LABEL=cloudimg-rootfs ro console=tty1 console=ttyS0
[    0.000000] PID hash table entries: 4096 (order: 2, 16384 bytes)
[    0.000000] Dentry cache hash table entries: 131072 (order: 7, 524288 bytes)
[    0.000000] Inode-cache hash table entries: 65536 (order: 6, 262144 bytes)
[    0.000000] Initializing CPU#0
[    0.000000] Initializing HighMem for node 0 (00037bfe:0003fff0)
[    0.000000] Initializing Movable for node 0 (00000000:00000000)
[    0.000000] Memory: 1008272K/1048120K available (8151K kernel code, 787K rwdata, 3216K rodata, 944K init, 724K bss, 39848K reserved, 0K cma-reserved, 135112K highmem)
[    0.000000] virtual kernel memory layout:
[    0.000000]     fixmap  : 0xfff15000 - 0xfffff000   ( 936 kB)
[    0.000000]     pkmap   : 0xffc00000 - 0xffe00000   (2048 kB)
[    0.000000]     vmalloc : 0xf83fe000 - 0xffbfe000   ( 120 MB)
[    0.000000]     lowmem  : 0xc0000000 - 0xf7bfe000   ( 891 MB)
[    0.000000]       .init : 0xc1be2000 - 0xc1cce000   ( 944 kB)
[    0.000000]       .data : 0xc17f61b8 - 0xc1be0d40   (4010 kB)
[    0.000000]       .text : 0xc1000000 - 0xc17f61b8   (8152 kB)
[    0.000000] Checking if this processor honours the WP bit even in supervisor mode...Ok.
[    0.000000] SLUB: HWalign=64, Order=0-3, MinObjects=0, CPUs=2, Nodes=1
[    0.000000] Hierarchical RCU implementation.
[    0.000000] 	Build-time adjustment of leaf fanout to 32.
[    0.000000] 	RCU restricting CPUs from NR_CPUS=8 to nr_cpu_ids=2.
[    0.000000] RCU: Adjusting geometry for rcu_fanout_leaf=32, nr_cpu_ids=2
[    0.000000] NR_IRQS:2304 nr_irqs:440 16
[    0.000000] Console: colour VGA+ 80x25
[    0.000000] console [tty1] enabled
[    0.000000] console [ttyS0] enabled
[    0.000000] allocated 1048576 bytes of page_ext
[    0.000000] tsc: Detected 1796.625 MHz processor
[    0.111952] Calibrating delay loop (skipped) preset value.. 3593.25 BogoMIPS (lpj=7186500)
[    0.113043] pid_max: default: 32768 minimum: 301
[    0.113647] ACPI: Core revision 20150930
[    0.114886] ACPI: 2 ACPI AML tables successfully acquired and loaded
[    0.115797] Security Framework initialized
[    0.116347] Yama: becoming mindful.
[    0.116848] AppArmor: AppArmor initialized
[    0.117445] Mount-cache hash table entries: 2048 (order: 1, 8192 bytes)
[    0.118198] Mountpoint-cache hash table entries: 2048 (order: 1, 8192 bytes)
[    0.119089] Initializing cgroup subsys io
[    0.119623] Initializing cgroup subsys memory
[    0.120190] Initializing cgroup subsys devices
[    0.120756] Initializing cgroup subsys freezer
[    0.121328] Initializing cgroup subsys net_cls
[    0.121982] Initializing cgroup subsys perf_event
[    0.122570] Initializing cgroup subsys net_prio
[    0.123149] Initializing cgroup subsys hugetlb
[    0.123715] Initializing cgroup subsys pids
[    0.131594] mce: CPU supports 0 MCE banks
[    0.132351] Last level iTLB entries: 4KB 1024, 2MB 1024, 4MB 512
[    0.133049] Last level dTLB entries: 4KB 2048, 2MB 2048, 4MB 1024, 1GB 0
[    0.134190] Spectre V1 : Mitigation: usercopy/swapgs barriers and __user pointer sanitization
[    0.135976] Spectre V2 : Spectre mitigation: LFENCE not serializing, switching to generic retpoline
[    0.137181] Spectre V2 : Mitigation: Full generic retpoline
[    0.137869] Spectre V2 : Spectre v2 / SpectreRSB mitigation: Filling RSB on context switch
[    0.138912] Speculative Store Bypass: Mitigation: Speculative Store Bypass disabled via prctl and seccomp
[    0.142721] Freeing SMP alternatives memory: 36K
[    0.147503] ftrace: allocating 31668 entries in 62 pages
[    0.196958] smpboot: APIC(0) Converting physical 0 to logical package 0
[    0.198199] smpboot: Max logical packages: 1
[    0.199036] Enabling APIC mode:  Flat.  Using 1 I/O APICs
[    0.200636] ..TIMER: vector=0x30 apic1=0 pin1=2 apic2=-1 pin2=-1
[    0.309728] APIC calibration not consistent with PM-Timer: 106ms instead of 100ms
[    0.311117] APIC delta adjusted to PM-Timer: 6344465 (6747692)
[    0.312256] smpboot: CPU0: AMD Ryzen 7 5700U with Radeon Graphics (family: 0x17, model: 0x68, stepping: 0x1)
[    0.313723] Performance Events: Broken PMU hardware detected, using software events only.
[    0.315103] Failed to access perfctr msr (MSR c0010007 is 0)
[    0.321343] KVM setup paravirtual spinlock
[    0.322698] x86: Booting SMP configuration:
[    0.323308] .... node  #0, CPUs:      #1
[1266874886.521405] Initializing CPU#1
[    0.324328] kvm-clock: cpu 1, msr 0:37bfd041, secondary cpu clock
[    0.332685] mce: CPU supports 0 MCE banks
[    0.336010] x86: Booted up 1 node, 2 CPUs
[    0.336835] smpboot: Total of 2 processors activated (7186.50 BogoMIPS)
[    0.338311] devtmpfs: initialized
[    0.339048] evm: security.selinux
[    0.339554] evm: security.SMACK64
[    0.340138] evm: security.SMACK64EXEC
[    0.340699] evm: security.SMACK64TRANSMUTE
[    0.341296] evm: security.SMACK64MMAP
[    0.342018] evm: security.ima
[    0.342609] evm: security.capability
[    0.343409] clocksource: jiffies: mask: 0xffffffff max_cycles: 0xffffffff, max_idle_ns: 7645041785100000 ns
[    0.345713] futex hash table entries: 512 (order: 3, 32768 bytes)
[    0.346687] pinctrl core: initialized pinctrl subsystem
[    0.347874] RTC time:  8:21:06, date: 07/18/21
[    0.349105] NET: Registered protocol family 16
[    0.350460] EISA bus registered
[    0.361353] cpuidle: using governor ladder
[    0.369146] cpuidle: using governor menu
[    0.370514] PCCT header not found.
[    0.371793] ACPI: bus type PCI registered
[    0.372388] acpiphp: ACPI Hot Plug PCI Controller Driver version: 0.5
[    0.373475] PCI : PCI BIOS area is rw and x. Use pci=nobios if you want it NX.
[    0.374527] PCI: PCI BIOS revision 2.10 entry at 0xfda26, last bus=0
[    0.375331] PCI: Using configuration type 1 for base access
[    0.376071] PCI: Using configuration type 1 for extended access
[    0.382713] ACPI: Added _OSI(Module Device)
[    0.391202] ACPI: Added _OSI(Processor Device)
[    0.392118] ACPI: Added _OSI(3.0 _SCP Extensions)
[    0.392871] ACPI: Added _OSI(Processor Aggregator Device)
[    0.393965] ACPI: Executed 1 blocks of module-level executable AML code
[    0.396129] ACPI: Interpreter enabled
[    0.396719] ACPI: (supports S0 S5)
[    0.397231] ACPI: Using IOAPIC for interrupt routing
[    0.398083] PCI: Using host bridge windows from ACPI; if necessary, use "pci=nocrs" and report a bug
[    0.402661] ACPI: PCI Root Bridge [PCI0] (domain 0000 [bus 00-ff])
[    0.403821] acpi PNP0A03:00: _OSC: OS supports [ExtendedConfig ASPM ClockPM Segments MSI]
[    0.405585] acpi PNP0A03:00: _OSC: platform does not support [PCIeCapability]
[    0.407105] acpi PNP0A03:00: _OSC: not requesting control; platform does not support [PCIeCapability]
[    0.408314] acpi PNP0A03:00: _OSC: OS requested [PCIeHotplug PME AER PCIeCapability]
[    0.409386] acpi PNP0A03:00: _OSC: platform willing to grant [PCIeHotplug PME AER]
[    0.410474] acpi PNP0A03:00: _OSC failed (AE_SUPPORT); disabling ASPM
[    0.411539] PCI host bridge to bus 0000:00
[    0.412139] pci_bus 0000:00: root bus resource [io  0x0000-0x0cf7 window]
[    0.412971] pci_bus 0000:00: root bus resource [io  0x0d00-0xffff window]
[    0.413805] pci_bus 0000:00: root bus resource [mem 0x000a0000-0x000bffff window]
[    0.414850] pci_bus 0000:00: root bus resource [mem 0x40000000-0xfdffffff window]
[    0.415916] pci_bus 0000:00: root bus resource [bus 00-ff]
[    0.418311] pci 0000:00:01.1: legacy IDE quirk: reg 0x10: [io  0x01f0-0x01f7]
[    0.419773] pci 0000:00:01.1: legacy IDE quirk: reg 0x14: [io  0x03f6]
[    0.420587] pci 0000:00:01.1: legacy IDE quirk: reg 0x18: [io  0x0170-0x0177]
[    0.421432] pci 0000:00:01.1: legacy IDE quirk: reg 0x1c: [io  0x0376]
[    0.442138] pci 0000:00:07.0: quirk: [io  0x4000-0x403f] claimed by PIIX4 ACPI
[    0.443220] pci 0000:00:07.0: quirk: [io  0x4100-0x410f] claimed by PIIX4 SMB
[    0.450745] ACPI: PCI Interrupt Link [LNKA] (IRQs 5 9 10 *11)
[    0.452344] ACPI: PCI Interrupt Link [LNKB] (IRQs 5 9 *10 11)
[    0.453750] ACPI: PCI Interrupt Link [LNKC] (IRQs 5 *9 10 11)
[    0.455203] ACPI: PCI Interrupt Link [LNKD] (IRQs 5 9 10 *11)
[    0.456437] ACPI: Enabled 2 GPEs in block 00 to 07
[    0.457634] vgaarb: setting as boot device: PCI:0000:00:02.0
[    0.458425] vgaarb: device added: PCI:0000:00:02.0,decodes=io+mem,owns=io+mem,locks=none
[    0.459549] vgaarb: loaded
[    0.459993] vgaarb: bridge control possible 0000:00:02.0
[    0.460887] SCSI subsystem initialized
[    0.461581] ACPI: bus type USB registered
[    0.462175] usbcore: registered new interface driver usbfs
[    0.462903] usbcore: registered new interface driver hub
[    0.463601] usbcore: registered new device driver usb
[    0.464576] PCI: Using ACPI for IRQ routing
[    0.465552] NetLabel: Initializing
[    0.466517] NetLabel:  domain hash size = 128
[    0.467550] NetLabel:  protocols = UNLABELED CIPSOv4
[    0.468221] NetLabel:  unlabeled traffic allowed by default
[    0.469105] amd_nb: Cannot enumerate AMD northbridges
[    0.469870] clocksource: Switched to clocksource kvm-clock
[    0.475883] AppArmor: AppArmor Filesystem Enabled
[    0.476990] pnp: PnP ACPI init
[    0.478339] pnp: PnP ACPI: found 3 devices
[    0.479162] PnPBIOS: Disabled by ACPI PNP
[    0.521282] clocksource: acpi_pm: mask: 0xffffff max_cycles: 0xffffff, max_idle_ns: 2085701024 ns
[    0.522690] NET: Registered protocol family 2
[    0.523866] TCP established hash table entries: 8192 (order: 3, 32768 bytes)
[    0.524715] TCP bind hash table entries: 8192 (order: 4, 65536 bytes)
[    0.525487] TCP: Hash tables configured (established 8192 bind 8192)
[    0.526268] UDP hash table entries: 512 (order: 2, 16384 bytes)
[    0.527036] UDP-Lite hash table entries: 512 (order: 2, 16384 bytes)
[    0.528816] NET: Registered protocol family 1
[    0.529671] pci 0000:00:00.0: Limiting direct PCI/PCI transfers
[    0.530419] pci 0000:00:01.0: Activating ISA DMA hang workarounds
[    0.532070] Unpacking initramfs...
[    0.714684] Freeing initrd memory: 14480K
[    0.715673] clocksource: tsc: mask: 0xffffffffffffffff max_cycles: 0x19e5b5450ab, max_idle_ns: 440795235573 ns
[    0.717151] platform rtc_cmos: registered platform RTC device (no PNP device found)
[    0.718562] Scanning for low memory corruption every 60 seconds
[    0.719977] audit: initializing netlink subsys (disabled)
[    0.720695] audit: type=2000 audit(1626596471.966:1): initialized
[    0.721597] Initialise system trusted keyring
[    0.722387] HugeTLB registered 2 MB page size, pre-allocated 0 pages
[    0.724236] zbud: loaded
[    0.724813] VFS: Disk quotas dquot_6.6.0
[    0.725777] VFS: Dquot-cache hash table entries: 1024 (order 0, 4096 bytes)
[    0.726733] squashfs: version 4.0 (2009/01/31) Phillip Lougher
[    0.728441] fuse init (API version 7.23)
[    0.729865] Key type big_key registered
[    0.730426] Allocating IMA MOK and blacklist keyrings.
[    0.733248] Key type asymmetric registered
[    0.733831] Asymmetric key parser 'x509' registered
[    0.734431] bounce: pool size: 64 pages
[    0.734999] Block layer SCSI generic (bsg) driver version 0.4 loaded (major 249)
[    0.736108] io scheduler noop registered
[    0.736935] io scheduler deadline registered (default)
[    0.737670] io scheduler cfq registered
[    0.738632] pci_hotplug: PCI Hot Plug PCI Core version: 0.5
[    0.739357] pciehp: PCI Express Hot Plug Controller Driver version: 0.4
[    0.740268] ACPI: AC Adapter [AC] (on-line)
[    0.740900] input: Power Button as /devices/LNXSYSTM:00/LNXPWRBN:00/input/input0
[    0.741934] ACPI: Power Button [PWRF]
[    0.742526] input: Sleep Button as /devices/LNXSYSTM:00/LNXSLPBN:00/input/input1
[    0.743552] ACPI: Sleep Button [SLPF]
[    0.744379] GHES: HEST is not enabled!
[    0.744736] ACPI: Battery Slot [BAT0] (battery present)
[    0.746064] isapnp: Scanning for PnP cards...
[    0.746163] Serial: 8250/16550 driver, 32 ports, IRQ sharing enabled
[    0.767125] 00:02: ttyS0 at I/O 0x3f8 (irq = 4, base_baud = 115200) is a 16550A
[    0.768706] Linux agpgart interface v0.103
[    0.771801] loop: module loaded
[    0.772714] scsi host0: ata_piix
[    0.773431] scsi host1: ata_piix
[    0.773967] ata1: PATA max UDMA/33 cmd 0x1f0 ctl 0x3f6 bmdma 0xd000 irq 14
[    0.774803] ata2: PATA max UDMA/33 cmd 0x170 ctl 0x376 bmdma 0xd008 irq 15
[    0.775682] libphy: Fixed MDIO Bus: probed
[    0.776256] tun: Universal TUN/TAP device driver, 1.6
[    0.776918] tun: (C) 1999-2004 Max Krasnyansky <maxk@qualcomm.com>
[    0.777886] PPP generic driver version 2.4.2
[    0.779098] ehci_hcd: USB 2.0 'Enhanced' Host Controller (EHCI) Driver
[    0.779908] ehci-pci: EHCI PCI platform driver
[    0.780796] ehci-platform: EHCI generic platform driver
[    0.781636] ohci_hcd: USB 1.1 'Open' Host Controller (OHCI) Driver
[    0.782448] ohci-pci: OHCI PCI platform driver
[    0.783054] ohci-platform: OHCI generic platform driver
[    0.783969] uhci_hcd: USB Universal Host Controller Interface driver
[    0.784831] i8042: PNP: PS/2 Controller [PNP0303:PS2K,PNP0f03:PS2M] at 0x60,0x64 irq 1,12
[    0.786447] serio: i8042 KBD port at 0x60,0x64 irq 1
[    0.787075] serio: i8042 AUX port at 0x60,0x64 irq 12
[    0.787919] mousedev: PS/2 mouse device common for all mice
[    0.788897] rtc_cmos rtc_cmos: rtc core: registered rtc_cmos as rtc0
[    0.789692] rtc_cmos rtc_cmos: alarms up to one day, 114 bytes nvram
[    0.790459] i2c /dev entries driver
[    0.790990] device-mapper: uevent: version 1.0.3
[    0.791620] device-mapper: ioctl: 4.34.0-ioctl (2015-10-28) initialised: dm-devel@redhat.com
[    0.793047] platform eisa.0: Probing EISA bus 0
[    0.793690] platform eisa.0: EISA: Cannot allocate resource for mainboard
[    0.794485] platform eisa.0: Cannot allocate resource for EISA slot 1
[    0.795238] platform eisa.0: Cannot allocate resource for EISA slot 2
[    0.795990] platform eisa.0: Cannot allocate resource for EISA slot 3
[    0.796748] platform eisa.0: Cannot allocate resource for EISA slot 4
[    0.797502] platform eisa.0: Cannot allocate resource for EISA slot 5
[    0.798487] platform eisa.0: Cannot allocate resource for EISA slot 6
[    0.799550] platform eisa.0: Cannot allocate resource for EISA slot 7
[    0.800306] platform eisa.0: Cannot allocate resource for EISA slot 8
[    0.801100] platform eisa.0: EISA: Detected 0 cards
[    0.801755] cpufreq-nforce2: No nForce2 chipset.
[    0.802389] ledtrig-cpu: registered to indicate activity on CPUs
[    0.803274] NET: Registered protocol family 10
[    0.803995] NET: Registered protocol family 17
[    0.804591] Key type dns_resolver registered
[    0.805340] Using IPI No-Shortcut mode
[    0.806388] registered taskstats version 1
[    0.807409] Loading compiled-in X.509 certificates
[    0.809194] Loaded X.509 cert 'Build time autogenerated kernel key: 20ac0ed02049a72ce76c079ea50dd43d3ac5969c'
[    0.810426] zswap: loaded using pool lzo/zbud
[    0.811872] input: AT Translated Set 2 keyboard as /devices/platform/i8042/serio0/input/input2
[    0.814263] Key type trusted registered
[    0.816874] Key type encrypted registered
[    0.817466] AppArmor: AppArmor sha1 policy hashing enabled
[    0.818162] ima: No TPM chip found, activating TPM-bypass!
[    0.819389] ima: Allocated hash algorithm: sha1
[    0.820054] evm: HMAC attrs: 0x1
[    0.820740]   Magic number: 13:29:372
[    0.821354] rtc_cmos rtc_cmos: setting system clock to 2021-07-18 08:21:07 UTC (1626596467)
[    0.822543] BIOS EDD facility v0.16 2004-Jun-25, 0 devices found
[    0.823310] EDD information not available.
[    1.131426] isapnp: No Plug & Play device found
[    1.133007] Freeing unused kernel memory: 944K
[    1.723052] Write protecting the kernel text: 8156k
[    1.724449] Write protecting the kernel read-only data: 3220k
[    1.733523] NX-protecting the kernel data: 6180k
Loading, please wait...
starting version 229
[    1.745752] random: systemd-udevd: uninitialized urandom read (16 bytes read, 0 bits of entropy available)
[    1.746113] random: udevadm: uninitialized urandom read (16 bytes read, 0 bits of entropy available)
[    1.748737] random: systemd-udevd: uninitialized urandom read (16 bytes read, 0 bits of entropy available)
[    1.751009] random: systemd-udevd: uninitialized urandom read (16 bytes read, 0 bits of entropy available)
[    1.753586] random: udevadm: uninitialized urandom read (16 bytes read, 0 bits of entropy available)
[    1.753792] random: systemd-udevd: uninitialized urandom read (16 bytes read, 0 bits of entropy available)
[    1.756655] random: udevadm: uninitialized urandom read (16 bytes read, 0 bits of entropy available)
[    1.757923] random: udevadm: uninitialized urandom read (16 bytes read, 0 bits of entropy available)
[    1.759301] random: udevadm: uninitialized urandom read (16 bytes read, 0 bits of entropy available)
[    1.760513] random: udevadm: uninitialized urandom read (16 bytes read, 0 bits of entropy available)
[    1.780939] Fusion MPT base driver 3.04.20
[    1.782213] Copyright (c) 1999-2008 LSI Corporation
[    1.783647] e1000: Intel(R) PRO/1000 Network Driver - version 7.3.21-k8-NAPI
[    1.784759] e1000: Copyright (c) 1999-2006 Intel Corporation.
[    1.796099] Fusion MPT SPI Host driver 3.04.20
[    2.084374] input: ImExPS/2 Generic Explorer Mouse as /devices/platform/i8042/serio1/input/input5
[    2.101786] e1000 0000:00:03.0 eth0: (PCI:33MHz:32-bit) 02:75:b3:6b:bb:51
[    2.102996] e1000 0000:00:03.0 eth0: Intel(R) PRO/1000 Network Connection
[    2.104989] mptbase: ioc0: Initiating bringup
[    2.106470] e1000 0000:00:03.0 enp0s3: renamed from eth0
[    2.166042] ioc0: LSI53C1030 A0: Capabilities={Initiator}
[    2.328358] scsi host2: ioc0: LSI53C1030 A0, FwRev=00000000h, Ports=1, MaxQ=256, IRQ=20
[    3.811333] scsi 2:0:0:0: Direct-Access     VBOX     HARDDISK         1.0  PQ: 0 ANSI: 5
[    3.813098] scsi target2:0:0: Beginning Domain Validation
[    3.816156] scsi target2:0:0: Domain Validation skipping write tests
[    3.817237] scsi target2:0:0: Ending Domain Validation
[    3.818146] scsi target2:0:0: asynchronous
[    3.819739] scsi 2:0:1:0: Direct-Access     VBOX     HARDDISK         1.0  PQ: 0 ANSI: 5
[    3.821120] scsi target2:0:1: Beginning Domain Validation
[    3.823758] scsi target2:0:1: Domain Validation skipping write tests
[    3.824841] scsi target2:0:1: Ending Domain Validation
[    3.825726] scsi target2:0:1: asynchronous
[    3.834383] sd 2:0:0:0: Attached scsi generic sg0 type 0
[    3.835262] sd 2:0:1:0: Attached scsi generic sg1 type 0
[    3.835410] sd 2:0:0:0: [sda] 83886080 512-byte logical blocks: (42.9 GB/40.0 GiB)
[    3.837784] sd 2:0:1:0: [sdb] 20480 512-byte logical blocks: (10.5 MB/10.0 MiB)
[    3.838653] sd 2:0:0:0: [sda] Write Protect is off
[    3.838793] sd 2:0:0:0: [sda] Incomplete mode parameter data
[    3.838794] sd 2:0:0:0: [sda] Assuming drive cache: write through
[    3.839993]  sda: sda1
[    3.840412] sd 2:0:0:0: [sda] Attached SCSI disk
[    3.843712] sd 2:0:1:0: [sdb] Write Protect is off
[    3.844516] sd 2:0:1:0: [sdb] Incomplete mode parameter data
[    3.845214] sd 2:0:1:0: [sdb] Assuming drive cache: write through
[    3.848940] sd 2:0:1:0: [sdb] Attached SCSI disk
Begin: Loading essential drivers ... [    5.117667] md: linear personality registered for level -1
[    5.121146] md: multipath personality registered for level -4
[    5.124977] md: raid0 personality registered for level 0
[    5.130228] md: raid1 personality registered for level 1
[    5.203300] raid6: mmxx1    gen()  4159 MB/s
[    5.271685] raid6: mmxx2    gen()  8296 MB/s
[    5.338159] raid6: sse1x1   gen()  3893 MB/s
[    5.406544] raid6: sse1x2   gen()  7819 MB/s
[    5.473936] raid6: sse2x1   gen()  8595 MB/s
[    5.542360] raid6: sse2x1   xor()  9498 MB/s
[    5.611710] raid6: sse2x2   gen() 17682 MB/s
[    5.678249] raid6: sse2x2   xor() 12179 MB/s
[    5.747573] raid6: avx2x1   gen() 21071 MB/s
[    5.813977] raid6: avx2x2   gen() 34740 MB/s
[    5.814871] raid6: using algorithm avx2x2 gen() 34740 MB/s
[    5.815823] raid6: using avx2x1 recovery algorithm
[    5.819221] xor: automatically using best checksumming function:
[    5.857948]    avx       : 16771.000 MB/sec
[    5.861211] async_tx: api initialized (async)
[    5.876245] md: raid6 personality registered for level 6
[    5.877217] md: raid5 personality registered for level 5
[    5.878132] md: raid4 personality registered for level 4
[    5.888207] md: raid10 personality registered for level 10
done.
Begin: Running /scripts/init-premount ... done.
Begin: Mounting root file system ... Begin: Running /scripts/local-top ... done.
Begin: Running /scripts/local-premount ... [    5.928398] Btrfs loaded
Scanning for Btrfs filesystems
done.
Warning: fsck not present, so skipping root file system
[    5.952904] EXT4-fs (sda1): INFO: recovery required on readonly filesystem
[    5.953752] EXT4-fs (sda1): write access will be enabled during recovery
[    6.005141] EXT4-fs (sda1): recovery complete
[    6.006145] EXT4-fs (sda1): mounted filesystem with ordered data mode. Opts: (null)
done.
Begin: Running /scripts/local-bottom ... done.
Begin: Running /scripts/init-bottom ... done.
[    6.087025] systemd[1]: systemd 229 running in system mode. (+PAM +AUDIT +SELINUX +IMA +APPARMOR +SMACK +SYSVINIT +UTMP +LIBCRYPTSETUP +GCRYPT +GNUTLS +ACL +XZ -LZ4 +SECCOMP +BLKID +ELFUTILS +KMOD -IDN)
[    6.089145] systemd[1]: Detected virtualization oracle.
[    6.089802] systemd[1]: Detected architecture x86.

Welcome to [1mUbuntu 16.04.7 LTS[0m!

[    6.099442] systemd[1]: Set hostname to <ubuntu-xenial>.
[    6.225062] systemd[1]: Reached target User and Group Name Lookups.
[[0;32m  OK  [0m] Reached target User and Group Name Lookups.
[    6.226777] systemd[1]: Created slice User and Session Slice.
[[0;32m  OK  [0m] Created slice User and Session Slice.
[    6.228506] systemd[1]: Started Trigger resolvconf update for networkd DNS.
[[0;32m  OK  [0m] Started Trigger resolvconf update for networkd DNS.
[    6.229991] systemd[1]: Started Forward Password Requests to Wall Directory Watch.
[[0;32m  OK  [0m] Started Forward Password Requests to Wall Directory Watch.
[    6.238449] systemd[1]: Listening on Journal Socket.
[[0;32m  OK  [0m] Listening on Journal Socket.
[    6.240242] systemd[1]: Listening on udev Kernel Socket.
[[0;32m  OK  [0m] Listening on udev Kernel Socket.
[    6.247552] systemd[1]: Reached target Encrypted Volumes.
[[0;32m  OK  [0m] Reached target Encrypted Volumes.
[    6.249418] systemd[1]: Listening on LVM2 metadata daemon socket.
[[0;32m  OK  [0m] Listening on LVM2 metadata daemon socket.
[    6.251821] systemd[1]: Listening on Journal Audit Socket.
[[0;32m  OK  [0m] Listening on Journal Audit Socket.
[    6.253387] systemd[1]: Reached target Swap.
[[0;32m  OK  [0m] Reached target Swap.
[    6.262795] systemd[1]: Reached target System Time Synchronized.
[[0;32m  OK  [0m] Reached target System Time Synchronized.
[    6.265101] systemd[1]: Listening on Journal Socket (/dev/log).
[[0;32m  OK  [0m] Listening on Journal Socket (/dev/log).
[    6.274592] systemd[1]: Listening on udev Control Socket.
[[0;32m  OK  [0m] Listening on udev Control Socket.
[    6.277000] systemd[1]: Listening on Device-mapper event daemon FIFOs.
[[0;32m  OK  [0m] Listening on Device-mapper event daemon FIFOs.
[    6.286379] systemd[1]: Listening on Syslog Socket.
[[0;32m  OK  [0m] Listening on Syslog Socket.
[    6.294151] systemd[1]: Listening on fsck to fsckd communication Socket.
[[0;32m  OK  [0m] Listening on fsck to fsckd communication Socket.
[    6.302621] systemd[1]: Listening on LVM2 poll daemon socket.
[[0;32m  OK  [0m] Listening on LVM2 poll daemon socket.
[    6.311367] systemd[1]: Created slice System Slice.
[[0;32m  OK  [0m] Created slice System Slice.
[    6.322450] systemd[1]: Mounting Huge Pages File System...
         Mounting Huge Pages File System...
[    6.324619] systemd[1]: Created slice system-serial\x2dgetty.slice.
[[0;32m  OK  [0m] Created slice system-serial\x2dgetty.slice.
[    6.326638] systemd[1]: Mounting Debug File System...
         Mounting Debug File System...
[    6.330527] systemd[1]: Starting Load Kernel Modules...
         Starting Load Kernel Modules...
[    6.338857] systemd[1]: Reached target Slices.
[[0;32m  OK  [0m] Reached target Slices.
[    6.340539] Loading iSCSI transport class v2.0-870.
[    6.340924] systemd[1]: Starting Uncomplicated firewall...
         Starting Uncomplicated firewall...
[    6.344054] systemd[1]: Starting Set console keymap...
         Starting Set console keymap...
[    6.345736] systemd[1]: Mounting POSIX Message Queue File System...
         Mounting POSIX Message Queue File System...
[    6.351742] systemd[1]: Starting Journal Service...
         Starting Journal Service...
[    6.353856] systemd[1]: Starting Nameserver information manager...
         Starting Nameserver information manager...
[    6.355594] systemd[1]: Starting Create list of required static device nodes for the current kernel...
         Starting Create list of required st... nodes for the current kernel...
[    6.357726] systemd[1]: Set up automount Arbitrary Executable File Formats File System Automount Point.
[[0;32m  OK  [0m] Set up automount Arbitrary Executab...ats File System Automount Point.
[    6.367487] systemd[1]: Starting File System Check on Root Device...
         Starting File System Check on Root Device...
[    6.371346] iscsi: registered transport (tcp)
[    6.371849] systemd[1]: Starting Monitoring of LVM2 mirrors, snapshots etc. using dmeventd or progress polling...
         Starting Monitoring of LVM2 mirrors... dmeventd or progress polling...
[    6.374266] systemd[1]: Listening on /dev/initctl Compatibility Named Pipe.
[[0;32m  OK  [0m] Listening on /dev/initctl Compatibility Named Pipe.
[    6.376694] systemd[1]: Mounted Huge Pages File System.
[[0;32m  OK  [0m] Mounted Huge Pages File System.
[    6.377923] systemd[1]: Mounted Debug File System.
[[0;32m  OK  [0m] Mounted Debug File System.
[    6.379251] systemd[1]: Mounted POSIX Message Queue File System.
[[0;32m  OK  [0m] Mounted POSIX Message Queue File System.
[    6.382335] systemd[1]: Started Uncomplicated firewall.
[[0;32m  OK  [0m] Started Uncomplicated firewall.
[    6.385458] systemd[1]: Started Create list of required static device nodes for the current kernel.
[[0;32m  OK  [0m] Started Create list of required sta...ce nodes for the current kernel.
[    6.388807] systemd[1]: Started File System Check Daemon to report status.
[[0;32m  OK  [0m] Started File System Check Daemon to report status.
[    6.393249] systemd[1]: Starting Create Static Device Nodes in /dev...
         Starting Create Static Device Nodes in /dev...
[    6.402868] systemd[1]: Started Nameserver information manager.
[[0;32m  OK  [0m] Started Nameserver information manager.
[    6.406007] systemd[1]: Started Journal Service.
[[0;32m  OK  [0m] Started Journal Service.
[[0;32m  OK  [0m] Started LVM2 metadata daemon.
[[0;32m  OK  [0m] Started File System Check on Root Device.
         Starting Remount Root and Kernel File Systems...
[    6.421146] EXT4-fs (sda1): re-mounted. Opts: (null)
[[0;32m  OK  [0m] Started Remount Root and Kernel File Systems.
         Starting Load/Save Random Seed...
         Starting Flush Journal to Persistent Storage...
         Starting udev Coldplug all Devices...
[[0;32m  OK  [0m] Started Create Static Device Nodes in /dev.
[[0;32m  OK  [0m] Started Load/Save Random Seed.
         Starting udev Kernel Device Manager...
[[0;32m  OK  [0m] Started Set console keymap.
[    6.458606] systemd-journald[377]: Received request to flush runtime journal from PID 1
[[0;32m  OK  [0m] Started Flush Journal to Persistent Storage.
[[0;32m  OK  [0m] Started udev Coldplug all Devices.
[    6.484613] iscsi: registered transport (iser)
[[0;32m  OK  [0m] Started Load Kernel Modules.
[[0;32m  OK  [0m] Started udev Kernel Device Manager.
         Starting Apply Kernel Variables...
[    6.511047] random: nonblocking pool is initialized
         Mounting FUSE Control File System...
[[0;32m  OK  [0m] Started Dispatch Password Requests to Console Directory Watch.
[[0;32m  OK  [0m] Mounted FUSE Control File System.
[[0;32m  OK  [0m] Started Apply Kernel Variables.
[[0;32m  OK  [0m] Found device /dev/ttyS0.
[[0;32m  OK  [0m] Listening on Load/Save RF Kill Switch Status /dev/rfkill Watch.
[[0;32m  OK  [0m] Found device 82540EM Gigabit Ethern...r (PRO/1000 MT Desktop Adapter).
[[0;32m  OK  [0m] Started Monitoring of LVM2 mirrors,...ng dmeventd or progress polling.
[[0;32m  OK  [0m] Reached target Local File Systems (Pre).
[[0;32m  OK  [0m] Reached target Local File Systems.
         Starting Create Volatile Files and Directories...
         Starting Tell Plymouth To Write Out Runtime Data...
         Starting LSB: AppArmor initialization...
         Starting Set console font and keymap...
         Starting Initial cloud-init job (pre-networking)...
[[0;32m  OK  [0m] Started Create Volatile Files and Directories.
[[0;32m  OK  [0m] Started Tell Plymouth To Write Out Runtime Data.
         Starting Update UTMP about System Boot/Shutdown...
[[0;32m  OK  [0m] Started Update UTMP about System Boot/Shutdown.
[[0;32m  OK  [0m] Started LSB: AppArmor initialization.
         Starting Load AppArmor profiles managed internally by snapd...
[[0;32m  OK  [0m] Started Load AppArmor profiles managed internally by snapd.
[[0;32m  OK  [0m] Started Set console font and keymap.
[[0;32m  OK  [0m] Created slice system-getty.slice.
[    7.666207] cloud-init[624]: Cloud-init v. 21.1-19-gbad84ad4-0ubuntu1~16.04.2 running 'init-local' at Sun, 18 Jul 2021 08:21:14 +0000. Up 7.44 seconds.
[[0;32m  OK  [0m] Started Initial cloud-init job (pre-networking).
[[0;32m  OK  [0m] Reached target Network (Pre).
         Starting Raise network interfaces...
[[0;32m  OK  [0m] Started ifup for enp0s3.
[[0;32m  OK  [0m] Started Raise network interfaces.
[[0;32m  OK  [0m] Reached target Network.
         Starting Initial cloud-init job (metadata service crawler)...
[    8.357508] cloud-init[963]: Cloud-init v. 21.1-19-gbad84ad4-0ubuntu1~16.04.2 running 'init' at Sun, 18 Jul 2021 08:21:14 +0000. Up 8.13 seconds.
[    8.369475] cloud-init[963]: ci-info: ++++++++++++++++++++++++++++++++++++++Net device info++++++++++++++++++++++++++++++++++++++
[    8.370598] cloud-init[963]: ci-info: +--------+------+----------------------------+---------------+--------+-------------------+
[    8.382350] cloud-init[963]: ci-info: | Device |  Up  |          Address           |      Mask     | Scope  |     Hw-Address    |
[    8.383201] cloud-init[963]: ci-info: +--------+------+----------------------------+---------------+--------+-------------------+
[    8.394000] cloud-init[963]: ci-info: | enp0s3 | True |         10.0.2.15          | 255.255.255.0 | global | 02:75:b3:6b:bb:51 |
[    8.395144] cloud-init[963]: ci-info: | enp0s3 | True | fe80::75:b3ff:fe6b:bb51/64 |       .       |  link  | 02:75:b3:6b:bb:51 |
[    8.396445] cloud-init[963]: ci-info: |   lo   | True |         127.0.0.1          |   255.0.0.0   |  host  |         .         |
[    8.397313] cloud-init[963]: ci-info: |   lo   | True |          ::1/128           |       .       |  host  |         .         |
[    8.397944] cloud-init[963]: ci-info: +--------+------+----------------------------+---------------+--------+-------------------+
[    8.398946] cloud-init[963]: ci-info: +++++++++++++++++++++++++++Route IPv4 info++++++++++++++++++++++++++++
[    8.399700] cloud-init[963]: ci-info: +-------+-------------+----------+---------------+-----------+-------+
[    8.400407] cloud-init[963]: ci-info: | Route | Destination | Gateway  |    Genmask    | Interface | Flags |
[    8.401087] cloud-init[963]: ci-info: +-------+-------------+----------+---------------+-----------+-------+
[    8.401740] cloud-init[963]: ci-info: |   0   |   0.0.0.0   | 10.0.2.2 |    0.0.0.0    |   enp0s3  |   UG  |
[    8.402411] cloud-init[963]: ci-info: |   1   |   10.0.2.0  | 0.0.0.0  | 255.255.255.0 |   enp0s3  |   U   |
[    8.403068] cloud-init[963]: ci-info: +-------+-------------+----------+---------------+-----------+-------+
[    8.408272] cloud-init[963]: ci-info: +++++++++++++++++++Route IPv6 info+++++++++++++++++++
[    8.416518] [[0;32m  OK  [0m] Started Initial cloud-init job (metadata service crawler).
[[0;32m  OK  [0m] Reached target System Initialization.
cloud-init[963]: ci-info: +-------+-------------+---------+-----------+-------+
[    8.424791] [cloud-init[0;32m  OK  [0m[963]: ] ci-info: | Route | Destination | Gateway | Interface | Flags |Started ACPI Events Check.

[    8.425297] [[0;32m  OK  [0m] Reached target Paths.
cloud-init[963]: ci-info: +-------+-------------+---------+-----------+-------+
[    8.426097]          Starting Socket activation for snappy daemon.
cloud-init[963]: ci-info: |   0   |  fe80::/64  |    ::   |   enp0s3  |   U   |[[0;32m  OK  [0m] Started Message of the Day.
[[0;32m  OK  [0m] Started Daily Cleanup of Temporary Directories.
         Starting LXD - unix socket.
[[0;32m  OK  [0m] Listening on UUID daemon activation socket.
[[0;32m  OK  [0m] Listening on D-Bus System Message Bus Socket.
[[0;32m  OK  [0m] Started Daily apt download activities.
[[0;32m  OK  [0m] Started Daily apt upgrade and clean activities.
[[0;32m  OK  [0m] Started Ubuntu Advantage update messaging.
[[0;32m  OK  [0m] Listening on ACPID Listen Socket.
[[0;32m  OK  [0m] Reached target Timers.
[[0;32m  OK  [0m] Reached target Network is Online.

[    8.436774]          Starting iSCSI initiator daemon (iscsid)...
[[0;32m  OK  [0m] Reached target Cloud-config availability.
[[0;32m  OK  [0m] Listening on Socket activation for snappy daemon.
[[0;32m  OK  [0m] Listening on LXD - unix socket.
[[0;32m  OK  [0m] Reached target Sockets.
[[0;32m  OK  [0m] Reached target Basic System.
[[0;32m  OK  [0m] Started D-Bus System Message Bus.
cloud-init[963]: ci-info: |   3   |   ff00::/8  |    ::   |   enp0s3  |   U   |
[    8.444457] cloud-init[963]: ci-info: +-------+-------------+---------+-----------+-------+
         Starting System Logging Service...
         Starting Login Service...
[[0;32m  OK  [0m] Started Deferred execution scheduler.
         Starting /etc/rc.local Compatibility...
         Starting LXD - container startup/shutdown...
[[0;32m  OK  [0m] Started Regular background program processing daemon.
         Starting Advanced key-value store...
         Starting Accounts Service...
         Starting LSB: MD monitoring daemon...
         Starting LSB: Record successful boot for GRUB...
[[0;32m  OK  [0m] Started FUSE filesystem for LXC.
         Starting Virtualbox guest utils...
[[0;32m  OK  [0m] Started ACPI event daemon.
         Starting OpenBSD Secure Shell server...
         Starting Snap Daemon...
[[0;32m  OK  [0m] Started System Logging Service.
[[0;32m  OK  [0m] Started /etc/rc.local Compatibility.
[[0;32m  OK  [0m] Started iSCSI initiator daemon (iscsid).
         Starting Login to default iSCSI targets...
[[0;32m  OK  [0m] Started Login Service.
[[0;32m  OK  [0m] Started Unattended Upgrades Shutdown.
[[0;32m  OK  [0m] Started LSB: Record successful boot for GRUB.
[[0;32m  OK  [0m] Started Login to default iSCSI targets.
[[0;32m  OK  [0m] Reached target Remote File Systems (Pre).
         Mounting /vagrant...
         Mounting /home/vagrant/app...
[[0;32m  OK  [0m] Started LSB: MD monitoring daemon.
[[0;1;31mFAILED[0m] Failed to mount /vagrant.
See 'systemctl status vagrant.mount' for details.
[[0;1;33mDEPEND[0m] Dependency failed for Remote File Systems.
         Starting LSB: daemon to balance interrupts for SMP systems...
         Starting Permit User Sessions...
         Starting LSB: Set the CPU Frequency Scaling governor to "ondemand"...
         Starting LSB: automatic crash report generation...
[[0;32m  OK  [0m] Started OpenBSD Secure Shell server.
[[0;1;31mFAILED[0m] Failed to mount /home/vagrant/app.
See 'systemctl status home-vagrant-app.mount' for details.
[[0;32m  OK  [0m] Started LXD - container startup/shutdown.
[[0;32m  OK  [0m] Started Permit User Sessions.
[[0;32m  OK  [0m] Started Advanced key-value store.
         Starting Authenticate and Authorize Users to Run Privileged Tasks...
         Starting Hold until boot process finishes up...
         Starting Terminate Plymouth Boot Screen...
[[0;32m  OK  [0m] Started Virtualbox guest utils.
[[0;32m  OK  [0m] Started Hold until boot process finishes up.
[[0;32m  OK  [0m] Started LSB: Set the CPU Frequency Scaling governor to "ondemand".
[[0;32m  OK  [0m] Started Getty on tty1.
[[0;32m  OK  [0m] Started Serial Getty on ttyS0.
[[0;32m  OK  [0m] Reached target Login Prompts.
         Starting Set console scheme...
[[0;32m  OK  [0m] Started Terminate Plymouth Boot Screen.
[[0;32m  OK  [0m] Started Set console scheme.
[[0;32m  OK  [0m] Started LSB: daemon to balance interrupts for SMP systems.
[[0;32m  OK  [0m] Started LSB: automatic crash report generation.
[[0;32m  OK  [0m] Started Authenticate and Authorize Users to Run Privileged Tasks.
[[0;32m  OK  [0m] Started Accounts Service.
[[0;32m  OK  [0m] Started Snap Daemon.
         Starting Wait until snapd is fully seeded...
[[0;32m  OK  [0m] Started Wait until snapd is fully seeded.
         Starting Apply the settings specified in cloud-config...
[[0;32m  OK  [0m] Reached target Multi-User System.
[[0;32m  OK  [0m] Reached target Graphical Interface.
         Starting Update UTMP about System Runlevel Changes...
[[0;32m  OK  [0m] Started Update UTMP about System Runlevel Changes.
[    9.186851] cloud-init[1237]: Cloud-init v. 21.1-19-gbad84ad4-0ubuntu1~16.04.2 running 'modules:config' at Sun, 18 Jul 2021 08:21:15 +0000. Up 9.09 seconds.
[[0;32m  OK  [0m] Started Apply the settings specified in cloud-config.
         Starting Execute cloud user/final scripts...
[    9.617900] cloud-init[1250]: Cloud-init v. 21.1-19-gbad84ad4-0ubuntu1~16.04.2 running 'modules:final' at Sun, 18 Jul 2021 08:21:16 +0000. Up 9.51 seconds.
[    9.619242] cloud-init[1250]: Cloud-init v. 21.1-19-gbad84ad4-0ubuntu1~16.04.2 finished at Sun, 18 Jul 2021 08:21:16 +0000. Datasource DataSourceNoCloud [seed=/dev/sdb][dsmode=net].  Up 9.61 seconds
[[0;32m  OK  [0m] Started Execute cloud user/final scripts.
[[0;32m  OK  [0m] Reached target Cloud-init target.

Ubuntu 16.04.7 LTS ubuntu-xenial ttyS0

ubuntu-xenial login: 