[    0.000000] Initializing cgroup subsys cpuset
[    0.000000] Initializing cgroup subsys cpu
[    0.000000] Initializing cgroup subsys cpuacct
[    0.000000] Linux version 4.4.0-210-generic (buildd@lgw01-amd64-037) (gcc version 5.4.0 20160609 (Ubuntu 5.4.0-6ubuntu1~16.04.12) ) #242-Ubuntu SMP Fri Apr 16 09:57:00 UTC 2021 (Ubuntu 4.4.0-210.242-generic 4.4.262)
[    0.000000] KERNEL supported cpus:
[    0.000000]   Intel GenuineIntel
[    0.000000]   AMD AuthenticAMD
[    0.000000]   NSC Geode by NSC
[    0.000000]   Cyrix CyrixInstead
[    0.000000]   Centaur CentaurHauls
[    0.000000]   Transmeta GenuineTMx86
[    0.000000]   Transmeta TransmetaCPU
[    0.000000]   UMC UMC UMC UMC
[    0.000000] x86/fpu: xstate_offset[2]:  576, xstate_sizes[2]:  256
[    0.000000] x86/fpu: Supporting XSAVE feature 0x01: 'x87 floating point registers'
[    0.000000] x86/fpu: Supporting XSAVE feature 0x02: 'SSE registers'
[    0.000000] x86/fpu: Supporting XSAVE feature 0x04: 'AVX registers'
[    0.000000] x86/fpu: Enabled xstate features 0x7, context size is 832 bytes, using 'standard' format.
[    0.000000] e820: BIOS-provided physical RAM map:
[    0.000000] BIOS-e820: [mem 0x0000000000000000-0x000000000009fbff] usable
[    0.000000] BIOS-e820: [mem 0x000000000009fc00-0x000000000009ffff] reserved
[    0.000000] BIOS-e820: [mem 0x00000000000f0000-0x00000000000fffff] reserved
[    0.000000] BIOS-e820: [mem 0x0000000000100000-0x000000003ffeffff] usable
[    0.000000] BIOS-e820: [mem 0x000000003fff0000-0x000000003fffffff] ACPI data
[    0.000000] BIOS-e820: [mem 0x00000000fec00000-0x00000000fec00fff] reserved
[    0.000000] BIOS-e820: [mem 0x00000000fee00000-0x00000000fee00fff] reserved
[    0.000000] BIOS-e820: [mem 0x00000000fffc0000-0x00000000ffffffff] reserved
[    0.000000] NX (Execute Disable) protection: active
[    0.000000] SMBIOS 2.5 present.
[    0.000000] Hypervisor detected: KVM
[    0.000000] e820: last_pfn = 0x3fff0 max_arch_pfn = 0x1000000
[    0.000000] MTRR: Disabled
[    0.000000] x86/PAT: MTRRs disabled, skipping PAT initialization too.
[    0.000000] CPU MTRRs all blank - virtualized system.
[    0.000000] x86/PAT: Configuration [0-7]: WB  WT  UC- UC  WB  WT  UC- UC  
[    0.000000] found SMP MP-table at [mem 0x0009fff0-0x0009ffff] mapped at [c009fff0]
[    0.000000] Scanning 1 areas for low memory corruption
[    0.000000] RAMDISK: [mem 0x363a8000-0x371cbfff]
[    0.000000] ACPI: Early table checksum verification disabled
[    0.000000] ACPI: RSDP 0x00000000000E0000 000024 (v02 VBOX  )
[    0.000000] ACPI: XSDT 0x000000003FFF0030 00003C (v01 VBOX   VBOXXSDT 00000001 ASL  00000061)
[    0.000000] ACPI: FACP 0x000000003FFF00F0 0000F4 (v04 VBOX   VBOXFACP 00000001 ASL  00000061)
[    0.000000] ACPI: DSDT 0x000000003FFF0470 002325 (v02 VBOX   VBOXBIOS 00000002 INTL 20100528)
[    0.000000] ACPI: FACS 0x000000003FFF0200 000040
[    0.000000] ACPI: FACS 0x000000003FFF0200 000040
[    0.000000] ACPI: APIC 0x000000003FFF0240 00005C (v02 VBOX   VBOXAPIC 00000001 ASL  00000061)
[    0.000000] ACPI: SSDT 0x000000003FFF02A0 0001CC (v01 VBOX   VBOXCPUT 00000002 INTL 20100528)
[    0.000000] 131MB HIGHMEM available.
[    0.000000] 891MB LOWMEM available.
[    0.000000]   mapped low ram: 0 - 37bfe000
[    0.000000]   low ram: 0 - 37bfe000
[    0.000000] kvm-clock: Using msrs 4b564d01 and 4b564d00
[    0.000000] kvm-clock: cpu 0, msr 0:37bfd001, primary cpu clock
[    0.000000] kvm-clock: using sched offset of 4212237313 cycles
[    0.000000] clocksource: kvm-clock: mask: 0xffffffffffffffff max_cycles: 0x1cd42e4dffb, max_idle_ns: 881590591483 ns
[    0.000000] Zone ranges:
[    0.000000]   DMA      [mem 0x0000000000001000-0x0000000000ffffff]
[    0.000000]   Normal   [mem 0x0000000001000000-0x0000000037bfdfff]
[    0.000000]   HighMem  [mem 0x0000000037bfe000-0x000000003ffeffff]
[    0.000000] Movable zone start for each node
[    0.000000] Early memory node ranges
[    0.000000]   node   0: [mem 0x0000000000001000-0x000000000009efff]
[    0.000000]   node   0: [mem 0x0000000000100000-0x000000003ffeffff]
[    0.000000] Initmem setup node 0 [mem 0x0000000000001000-0x000000003ffeffff]
[    0.000000] Using APIC driver default
[    0.000000] ACPI: PM-Timer IO Port: 0x4008
[    0.000000] IOAPIC[0]: apic_id 2, version 32, address 0xfec00000, GSI 0-23
[    0.000000] ACPI: INT_SRC_OVR (bus 0 bus_irq 0 global_irq 2 dfl dfl)
[    0.000000] ACPI: INT_SRC_OVR (bus 0 bus_irq 9 global_irq 9 low level)
[    0.000000] Using ACPI (MADT) for SMP configuration information
[    0.000000] smpboot: Allowing 2 CPUs, 0 hotplug CPUs
[    0.000000] PM: Registered nosave memory: [mem 0x00000000-0x00000fff]
[    0.000000] PM: Registered nosave memory: [mem 0x0009f000-0x0009ffff]
[    0.000000] PM: Registered nosave memory: [mem 0x000a0000-0x000effff]
[    0.000000] PM: Registered nosave memory: [mem 0x000f0000-0x000fffff]
[    0.000000] e820: [mem 0x40000000-0xfebfffff] available for PCI devices
[    0.000000] Booting paravirtualized kernel on KVM
[    0.000000] clocksource: refined-jiffies: mask: 0xffffffff max_cycles: 0xffffffff, max_idle_ns: 7645519600211568 ns
[    0.000000] setup_percpu: NR_CPUS:8 nr_cpumask_bits:8 nr_cpu_ids:2 nr_node_ids:1
[    0.000000] PERCPU: Embedded 18 pages/cpu @f6384000 s42956 r0 d30772 u73728
[    0.000000] Built 1 zonelists in Zone order, mobility grouping on.  Total pages: 259800
[    0.000000] Kernel command line: BOOT_IMAGE=/boot/vmlinuz-4.4.0-210-generic root=LABEL=cloudimg-rootfs ro console=tty1 console=ttyS0
[    0.000000] PID hash table entries: 4096 (order: 2, 16384 bytes)
[    0.000000] Dentry cache hash table entries: 131072 (order: 7, 524288 bytes)
[    0.000000] Inode-cache hash table entries: 65536 (order: 6, 262144 bytes)
[    0.000000] Initializing CPU#0
[    0.000000] Initializing HighMem for node 0 (00037bfe:0003fff0)
[    0.000000] Initializing Movable for node 0 (00000000:00000000)
[    0.000000] Memory: 1008272K/1048120K available (8151K kernel code, 787K rwdata, 3216K rodata, 944K init, 724K bss, 39848K reserved, 0K cma-reserved, 135112K highmem)
[    0.000000] virtual kernel memory layout:
[    0.000000]     fixmap  : 0xfff15000 - 0xfffff000   ( 936 kB)
[    0.000000]     pkmap   : 0xffc00000 - 0xffe00000   (2048 kB)
[    0.000000]     vmalloc : 0xf83fe000 - 0xffbfe000   ( 120 MB)
[    0.000000]     lowmem  : 0xc0000000 - 0xf7bfe000   ( 891 MB)
[    0.000000]       .init : 0xc1be2000 - 0xc1cce000   ( 944 kB)
[    0.000000]       .data : 0xc17f61b8 - 0xc1be0d40   (4010 kB)
[    0.000000]       .text : 0xc1000000 - 0xc17f61b8   (8152 kB)
[    0.000000] Checking if this processor honours the WP bit even in supervisor mode...Ok.
[    0.000000] SLUB: HWalign=64, Order=0-3, MinObjects=0, CPUs=2, Nodes=1
[    0.000000] Hierarchical RCU implementation.
[    0.000000] 	Build-time adjustment of leaf fanout to 32.
[    0.000000] 	RCU restricting CPUs from NR_CPUS=8 to nr_cpu_ids=2.
[    0.000000] RCU: Adjusting geometry for rcu_fanout_leaf=32, nr_cpu_ids=2
[    0.000000] NR_IRQS:2304 nr_irqs:440 16
[    0.000000] Console: colour VGA+ 80x25
[    0.000000] console [tty1] enabled
[    0.000000] console [ttyS0] enabled
[    0.000000] allocated 1048576 bytes of page_ext
[    0.000000] tsc: Detected 1895.609 MHz processor
[    0.275203] Calibrating delay loop (skipped) preset value.. 3791.21 BogoMIPS (lpj=7582436)
[    0.277913] pid_max: default: 32768 minimum: 301
[    0.279465] ACPI: Core revision 20150930
[    0.282166] ACPI: 2 ACPI AML tables successfully acquired and loaded
[    0.284343] Security Framework initialized
[    0.285731] Yama: becoming mindful.
[    0.287049] AppArmor: AppArmor initialized
[    0.288500] Mount-cache hash table entries: 2048 (order: 1, 8192 bytes)
[    0.290480] Mountpoint-cache hash table entries: 2048 (order: 1, 8192 bytes)
[    0.292784] Initializing cgroup subsys io
[    0.294224] Initializing cgroup subsys memory
[    0.295669] Initializing cgroup subsys devices
[    0.297125] Initializing cgroup subsys freezer
[    0.298616] Initializing cgroup subsys net_cls
[    0.300180] Initializing cgroup subsys perf_event
[    0.301727] Initializing cgroup subsys net_prio
[    0.303305] Initializing cgroup subsys hugetlb
[    0.305108] Initializing cgroup subsys pids
[    0.309595] mce: CPU supports 0 MCE banks
[    0.311087] Last level iTLB entries: 4KB 1024, 2MB 1024, 4MB 1024
[    0.313085] Last level dTLB entries: 4KB 1024, 2MB 1024, 4MB 1024, 1GB 4
[    0.315330] Spectre V1 : Mitigation: usercopy/swapgs barriers and __user pointer sanitization
[    0.318260] Spectre V2 : Mitigation: Full generic retpoline
[    0.320173] Spectre V2 : Spectre v2 / SpectreRSB mitigation: Filling RSB on context switch
[    0.323110] Speculative Store Bypass: Vulnerable
[    0.324712] SRBDS: Unknown: Dependent on hypervisor status
[    0.326682] MDS: Mitigation: Clear CPU buffers
[    0.334151] Freeing SMP alternatives memory: 36K
[    0.349319] ftrace: allocating 31668 entries in 62 pages
[    0.456681] smpboot: APIC(0) Converting physical 0 to logical package 0
[    0.458752] smpboot: Max logical packages: 1
[    0.460192] Enabling APIC mode:  Flat.  Using 1 I/O APICs
[    0.463672] ..TIMER: vector=0x30 apic1=0 pin1=2 apic2=-1 pin2=-1
[    0.573723] smpboot: CPU0: Intel(R) Core(TM) i3-4030U CPU @ 1.90GHz (family: 0x6, model: 0x45, stepping: 0x1)
[    0.577201] Performance Events: unsupported p6 CPU model 69 no PMU driver, software events only.
[    0.594663] KVM setup paravirtual spinlock
[    0.597197] x86: Booting SMP configuration:
[    0.598624] .... node  #0, CPUs:      #1
[1266874885.497314] Initializing CPU#1
[    0.600990] kvm-clock: cpu 1, msr 0:37bfd041, secondary cpu clock
[    0.604934] mce: CPU supports 0 MCE banks
[    0.608036] x86: Booted up 1 node, 2 CPUs
[    0.609833] smpboot: Total of 2 processors activated (7582.43 BogoMIPS)
[    0.612563] devtmpfs: initialized
[    0.614068] evm: security.selinux
[    0.615308] evm: security.SMACK64
[    0.616532] evm: security.SMACK64EXEC
[    0.617803] evm: security.SMACK64TRANSMUTE
[    0.619251] evm: security.SMACK64MMAP
[    0.620540] evm: security.ima
[    0.621700] evm: security.capability
[    0.623357] clocksource: jiffies: mask: 0xffffffff max_cycles: 0xffffffff, max_idle_ns: 7645041785100000 ns
[    0.626493] futex hash table entries: 512 (order: 3, 32768 bytes)
[    0.628649] pinctrl core: initialized pinctrl subsystem
[    0.630545] RTC time:  2:17:03, date: 07/14/21
[    0.632261] NET: Registered protocol family 16
[    0.633997] EISA bus registered
[    0.645821] cpuidle: using governor ladder
[    0.658312] cpuidle: using governor menu
[    0.659687] PCCT header not found.
[    0.661187] ACPI: bus type PCI registered
[    0.662569] acpiphp: ACPI Hot Plug PCI Controller Driver version: 0.5
[    0.664930] PCI : PCI BIOS area is rw and x. Use pci=nobios if you want it NX.
[    0.667430] PCI: PCI BIOS revision 2.10 entry at 0xfda26, last bus=0
[    0.669499] PCI: Using configuration type 1 for base access
[    0.683221] ACPI: Added _OSI(Module Device)
[    0.684629] ACPI: Added _OSI(Processor Device)
[    0.686028] ACPI: Added _OSI(3.0 _SCP Extensions)
[    0.687418] ACPI: Added _OSI(Processor Aggregator Device)
[    0.690055] ACPI: Executed 1 blocks of module-level executable AML code
[    0.694904] ACPI: Interpreter enabled
[    0.696290] ACPI: (supports S0 S5)
[    0.697613] ACPI: Using IOAPIC for interrupt routing
[    0.716346] PCI: Using host bridge windows from ACPI; if necessary, use "pci=nocrs" and report a bug
[    0.727220] ACPI: PCI Root Bridge [PCI0] (domain 0000 [bus 00-ff])
[    0.729648] acpi PNP0A03:00: _OSC: OS supports [ASPM ClockPM Segments MSI]
[    0.732593] acpi PNP0A03:00: _OSC: not requesting OS control; OS requires [ExtendedConfig ASPM ClockPM MSI]
[    0.735720] acpi PNP0A03:00: fail to add MMCONFIG information, can't access extended PCI configuration space under this bridge.
[    0.739782] PCI host bridge to bus 0000:00
[    0.741219] pci_bus 0000:00: root bus resource [io  0x0000-0x0cf7 window]
[    0.743284] pci_bus 0000:00: root bus resource [io  0x0d00-0xffff window]
[    0.745342] pci_bus 0000:00: root bus resource [mem 0x000a0000-0x000bffff window]
[    0.747831] pci_bus 0000:00: root bus resource [mem 0x40000000-0xfdffffff window]
[    0.750382] pci_bus 0000:00: root bus resource [bus 00-ff]
[    0.754874] pci 0000:00:01.1: legacy IDE quirk: reg 0x10: [io  0x01f0-0x01f7]
[    0.757064] pci 0000:00:01.1: legacy IDE quirk: reg 0x14: [io  0x03f6]
[    0.759122] pci 0000:00:01.1: legacy IDE quirk: reg 0x18: [io  0x0170-0x0177]
[    0.761290] pci 0000:00:01.1: legacy IDE quirk: reg 0x1c: [io  0x0376]
[    0.787445] pci 0000:00:07.0: quirk: [io  0x4000-0x403f] claimed by PIIX4 ACPI
[    0.790023] pci 0000:00:07.0: quirk: [io  0x4100-0x410f] claimed by PIIX4 SMB
[    0.801296] ACPI: PCI Interrupt Link [LNKA] (IRQs 5 9 10 *11)
[    0.804105] ACPI: PCI Interrupt Link [LNKB] (IRQs 5 9 *10 11)
[    0.806828] ACPI: PCI Interrupt Link [LNKC] (IRQs 5 *9 10 11)
[    0.809411] ACPI: PCI Interrupt Link [LNKD] (IRQs 5 9 10 *11)
[    0.812075] ACPI: Enabled 2 GPEs in block 00 to 07
[    0.814214] vgaarb: setting as boot device: PCI:0000:00:02.0
[    0.815901] vgaarb: device added: PCI:0000:00:02.0,decodes=io+mem,owns=io+mem,locks=none
[    0.818546] vgaarb: loaded
[    0.819563] vgaarb: bridge control possible 0000:00:02.0
[    0.821689] SCSI subsystem initialized
[    0.823260] ACPI: bus type USB registered
[    0.824668] usbcore: registered new interface driver usbfs
[    0.826490] usbcore: registered new interface driver hub
[    0.828172] usbcore: registered new device driver usb
[    0.830384] PCI: Using ACPI for IRQ routing
[    0.832234] NetLabel: Initializing
[    0.833503] NetLabel:  domain hash size = 128
[    0.834929] NetLabel:  protocols = UNLABELED CIPSOv4
[    0.836575] NetLabel:  unlabeled traffic allowed by default
[    0.838666] amd_nb: Cannot enumerate AMD northbridges
[    0.840445] clocksource: Switched to clocksource kvm-clock
[    0.858207] AppArmor: AppArmor Filesystem Enabled
[    0.859867] pnp: PnP ACPI init
[    0.862208] pnp: PnP ACPI: found 3 devices
[    0.863606] PnPBIOS: Disabled by ACPI PNP
[    0.909516] clocksource: acpi_pm: mask: 0xffffff max_cycles: 0xffffff, max_idle_ns: 2085701024 ns
[    0.912413] NET: Registered protocol family 2
[    0.914222] TCP established hash table entries: 8192 (order: 3, 32768 bytes)
[    0.916138] TCP bind hash table entries: 8192 (order: 4, 65536 bytes)
[    0.918193] TCP: Hash tables configured (established 8192 bind 8192)
[    0.920453] UDP hash table entries: 512 (order: 2, 16384 bytes)
[    0.922285] UDP-Lite hash table entries: 512 (order: 2, 16384 bytes)
[    0.924222] NET: Registered protocol family 1
[    0.925750] pci 0000:00:00.0: Limiting direct PCI/PCI transfers
[    0.927706] pci 0000:00:01.0: Activating ISA DMA hang workarounds
[    0.929859] Unpacking initramfs...
[    1.400443] Freeing initrd memory: 14480K
[    1.402074] RAPL PMU detected, API unit is 2^-32 Joules, 4 fixed counters 10737418240 ms ovfl timer
[    1.404993] hw unit of domain pp0-core 2^-0 Joules
[    1.406616] hw unit of domain package 2^-0 Joules
[    1.408201] hw unit of domain dram 2^-0 Joules
[    1.410231] hw unit of domain pp1-gpu 2^-0 Joules
[    1.412344] clocksource: tsc: mask: 0xffffffffffffffff max_cycles: 0x36a5efb5273, max_idle_ns: 881590501048 ns
[    1.415970] platform rtc_cmos: registered platform RTC device (no PNP device found)
[    1.419128] Scanning for low memory corruption every 60 seconds
[    1.422173] audit: initializing netlink subsys (disabled)
[    1.423794] audit: type=2000 audit(1626229030.460:1): initialized
[    1.426220] Initialise system trusted keyring
[    1.428033] HugeTLB registered 2 MB page size, pre-allocated 0 pages
[    1.432171] zbud: loaded
[    1.433617] VFS: Disk quotas dquot_6.6.0
[    1.435120] VFS: Dquot-cache hash table entries: 1024 (order 0, 4096 bytes)
[    1.437726] squashfs: version 4.0 (2009/01/31) Phillip Lougher
[    1.440206] fuse init (API version 7.23)
[    1.442081] Key type big_key registered
[    1.443618] Allocating IMA MOK and blacklist keyrings.
[    1.449602] Key type asymmetric registered
[    1.451340] Asymmetric key parser 'x509' registered
[    1.453482] bounce: pool size: 64 pages
[    1.455284] Block layer SCSI generic (bsg) driver version 0.4 loaded (major 249)
[    1.460053] io scheduler noop registered
[    1.462032] io scheduler deadline registered (default)
[    1.464281] io scheduler cfq registered
[    1.466331] pci_hotplug: PCI Hot Plug PCI Core version: 0.5
[    1.468821] pciehp: PCI Express Hot Plug Controller Driver version: 0.4
[    1.471794] ACPI: AC Adapter [AC] (on-line)
[    1.473557] input: Power Button as /devices/LNXSYSTM:00/LNXPWRBN:00/input/input0
[    1.476906] ACPI: Power Button [PWRF]
[    1.478681] input: Sleep Button as /devices/LNXSYSTM:00/LNXSLPBN:00/input/input1
[    1.481814] ACPI: Sleep Button [SLPF]
[    1.484062] GHES: HEST is not enabled!
[    1.485559] ACPI: Battery Slot [BAT0] (battery present)
[    1.487848] isapnp: Scanning for PnP cards...
[    1.495352] Serial: 8250/16550 driver, 32 ports, IRQ sharing enabled
[    1.519478] 00:02: ttyS0 at I/O 0x3f8 (irq = 4, base_baud = 115200) is a 16550A
[    1.524976] Linux agpgart interface v0.103
[    1.534222] loop: module loaded
[    1.536350] scsi host0: ata_piix
[    1.537761] scsi host1: ata_piix
[    1.539166] ata1: PATA max UDMA/33 cmd 0x1f0 ctl 0x3f6 bmdma 0xd000 irq 14
[    1.541794] ata2: PATA max UDMA/33 cmd 0x170 ctl 0x376 bmdma 0xd008 irq 15
[    1.545508] libphy: Fixed MDIO Bus: probed
[    1.547140] tun: Universal TUN/TAP device driver, 1.6
[    1.548998] tun: (C) 1999-2004 Max Krasnyansky <maxk@qualcomm.com>
[    1.551210] PPP generic driver version 2.4.2
[    1.553000] ehci_hcd: USB 2.0 'Enhanced' Host Controller (EHCI) Driver
[    1.555198] ehci-pci: EHCI PCI platform driver
[    1.556934] ehci-platform: EHCI generic platform driver
[    1.558815] ohci_hcd: USB 1.1 'Open' Host Controller (OHCI) Driver
[    1.560856] ohci-pci: OHCI PCI platform driver
[    1.562478] ohci-platform: OHCI generic platform driver
[    1.564171] uhci_hcd: USB Universal Host Controller Interface driver
[    1.566046] i8042: PNP: PS/2 Controller [PNP0303:PS2K,PNP0f03:PS2M] at 0x60,0x64 irq 1,12
[    1.569540] serio: i8042 KBD port at 0x60,0x64 irq 1
[    1.570975] serio: i8042 AUX port at 0x60,0x64 irq 12
[    1.572641] mousedev: PS/2 mouse device common for all mice
[    1.575064] input: AT Translated Set 2 keyboard as /devices/platform/i8042/serio0/input/input2
[    1.577697] rtc_cmos rtc_cmos: rtc core: registered rtc_cmos as rtc0
[    1.579682] rtc_cmos rtc_cmos: alarms up to one day, 114 bytes nvram
[    1.581479] i2c /dev entries driver
[    1.582685] device-mapper: uevent: version 1.0.3
[    1.584149] device-mapper: ioctl: 4.34.0-ioctl (2015-10-28) initialised: dm-devel@redhat.com
[    1.586794] platform eisa.0: Probing EISA bus 0
[    1.588148] platform eisa.0: EISA: Cannot allocate resource for mainboard
[    1.590062] platform eisa.0: Cannot allocate resource for EISA slot 1
[    1.591821] platform eisa.0: Cannot allocate resource for EISA slot 2
[    1.593627] platform eisa.0: Cannot allocate resource for EISA slot 3
[    1.595758] platform eisa.0: Cannot allocate resource for EISA slot 4
[    1.597936] platform eisa.0: Cannot allocate resource for EISA slot 5
[    1.600029] platform eisa.0: Cannot allocate resource for EISA slot 6
[    1.602402] platform eisa.0: Cannot allocate resource for EISA slot 7
[    1.604597] platform eisa.0: Cannot allocate resource for EISA slot 8
[    1.606742] platform eisa.0: EISA: Detected 0 cards
[    1.608496] cpufreq-nforce2: No nForce2 chipset.
[    1.610146] ledtrig-cpu: registered to indicate activity on CPUs
[    1.612505] NET: Registered protocol family 10
[    1.614319] NET: Registered protocol family 17
[    1.615917] Key type dns_resolver registered
[    1.617701] Using IPI No-Shortcut mode
[    1.619398] registered taskstats version 1
[    1.621080] Loading compiled-in X.509 certificates
[    1.626815] Loaded X.509 cert 'Build time autogenerated kernel key: 20ac0ed02049a72ce76c079ea50dd43d3ac5969c'
[    1.630199] zswap: loaded using pool lzo/zbud
[    1.633998] Key type trusted registered
[    1.639258] Key type encrypted registered
[    1.640811] AppArmor: AppArmor sha1 policy hashing enabled
[    1.642819] ima: No TPM chip found, activating TPM-bypass!
[    1.644722] ima: Allocated hash algorithm: sha1
[    1.646342] evm: HMAC attrs: 0x1
[    1.648110]   Magic number: 13:984:257
[    1.649804] rtc_cmos rtc_cmos: setting system clock to 2021-07-14 02:17:04 UTC (1626229024)
[    1.653045] BIOS EDD facility v0.16 2004-Jun-25, 0 devices found
[    1.655106] EDD information not available.
[    1.855188] isapnp: No Plug & Play device found
[    1.857186] Freeing unused kernel memory: 944K
[    2.617577] Write protecting the kernel text: 8156k
[    2.619633] Write protecting the kernel read-only data: 3220k
[    2.621614] NX-protecting the kernel data: 6180k
Loading, please wait...
starting version 229
[    2.647228] random: systemd-udevd: uninitialized urandom read (16 bytes read, 0 bits of entropy available)
[    2.648756] random: udevadm: uninitialized urandom read (16 bytes read, 0 bits of entropy available)
[    2.654065] random: systemd-udevd: uninitialized urandom read (16 bytes read, 0 bits of entropy available)
[    2.665721] random: udevadm: uninitialized urandom read (16 bytes read, 0 bits of entropy available)
[    2.665800] random: udevadm: uninitialized urandom read (16 bytes read, 0 bits of entropy available)
[    2.666071] random: udevadm: uninitialized urandom read (16 bytes read, 0 bits of entropy available)
[    2.666162] random: udevadm: uninitialized urandom read (16 bytes read, 0 bits of entropy available)
[    2.666247] random: udevadm: uninitialized urandom read (16 bytes read, 0 bits of entropy available)
[    2.666344] random: udevadm: uninitialized urandom read (16 bytes read, 0 bits of entropy available)
[    2.666429] random: udevadm: uninitialized urandom read (16 bytes read, 0 bits of entropy available)
[    2.794525] Fusion MPT base driver 3.04.20
[    2.797304] Copyright (c) 1999-2008 LSI Corporation
[    2.813963] e1000: Intel(R) PRO/1000 Network Driver - version 7.3.21-k8-NAPI
[    2.816609] e1000: Copyright (c) 1999-2006 Intel Corporation.
[    2.861053] Fusion MPT SPI Host driver 3.04.20
[    3.030773] input: ImExPS/2 Generic Explorer Mouse as /devices/platform/i8042/serio1/input/input4
[    3.232416] e1000 0000:00:03.0 eth0: (PCI:33MHz:32-bit) 02:75:b3:6b:bb:51
[    3.234637] e1000 0000:00:03.0 eth0: Intel(R) PRO/1000 Network Connection
[    3.238103] mptbase: ioc0: Initiating bringup
[    3.238202] e1000 0000:00:03.0 enp0s3: renamed from eth0
[    3.828049] ioc0: LSI53C1030 A0: Capabilities={Initiator}
[    5.444706] scsi host2: ioc0: LSI53C1030 A0, FwRev=00000000h, Ports=1, MaxQ=256, IRQ=20
[    6.425487] scsi 2:0:0:0: Direct-Access     VBOX     HARDDISK         1.0  PQ: 0 ANSI: 5
[    6.428833] scsi target2:0:0: Beginning Domain Validation
[    6.434789] scsi target2:0:0: Domain Validation skipping write tests
[    6.436762] scsi target2:0:0: Ending Domain Validation
[    6.438456] scsi target2:0:0: asynchronous
[    6.440790] scsi 2:0:1:0: Direct-Access     VBOX     HARDDISK         1.0  PQ: 0 ANSI: 5
[    6.443214] scsi target2:0:1: Beginning Domain Validation
[    6.447404] scsi target2:0:1: Domain Validation skipping write tests
[    6.449226] scsi target2:0:1: Ending Domain Validation
[    6.450877] scsi target2:0:1: asynchronous
[    6.462213] sd 2:0:0:0: Attached scsi generic sg0 type 0
[    6.464141] sd 2:0:0:0: [sda] 83886080 512-byte logical blocks: (42.9 GB/40.0 GiB)
[    6.464556] sd 2:0:1:0: [sdb] 20480 512-byte logical blocks: (10.5 MB/10.0 MiB)
[    6.464765] sd 2:0:1:0: [sdb] Write Protect is off
[    6.464900] sd 2:0:1:0: [sdb] Incomplete mode parameter data
[    6.464902] sd 2:0:1:0: [sdb] Assuming drive cache: write through
[    6.469532] sd 2:0:1:0: Attached scsi generic sg1 type 0
[    6.474012] sd 2:0:1:0: [sdb] Attached SCSI disk
[    6.478738] sd 2:0:0:0: [sda] Write Protect is off
[    6.480883] sd 2:0:0:0: [sda] Incomplete mode parameter data
[    6.482658] sd 2:0:0:0: [sda] Assuming drive cache: write through
[    6.487537]  sda: sda1
[    6.490073] sd 2:0:0:0: [sda] Attached SCSI disk
Begin: Loading essential drivers ... [    8.022028] md: linear personality registered for level -1
[    8.030368] md: multipath personality registered for level -4
[    8.039088] md: raid0 personality registered for level 0
[    8.051240] md: raid1 personality registered for level 1
[    8.132507] raid6: mmxx1    gen()  3096 MB/s
[    8.200554] raid6: mmxx2    gen()  3458 MB/s
[    8.268504] raid6: sse1x1   gen()  2832 MB/s
[    8.336502] raid6: sse1x2   gen()  3687 MB/s
[    8.404481] raid6: sse2x1   gen()  6037 MB/s
[    8.472498] raid6: sse2x1   xor()  4511 MB/s
[    8.540523] raid6: sse2x2   gen()  7416 MB/s
[    8.608477] raid6: sse2x2   xor()  4900 MB/s
[    8.676497] raid6: avx2x1   gen() 11695 MB/s
[    8.744493] raid6: avx2x2   gen() 12851 MB/s
[    8.745971] raid6: using algorithm avx2x2 gen() 12851 MB/s
[    8.747784] raid6: using avx2x1 recovery algorithm
[    8.754866] xor: automatically using best checksumming function:
[    8.792539]    avx       : 16369.000 MB/sec
[    8.798755] async_tx: api initialized (async)
[    8.834687] md: raid6 personality registered for level 6
[    8.836555] md: raid5 personality registered for level 5
[    8.838335] md: raid4 personality registered for level 4
[    8.854765] md: raid10 personality registered for level 10
done.
Begin: Running /scripts/init-premount ... done.
Begin: Mounting root file system ... Begin: Running /scripts/local-top ... done.
Begin: Running /scripts/local-premount ... [    8.927409] Btrfs loaded
Scanning for Btrfs filesystems
done.
Warning: fsck not present, so skipping root file system
[    8.982056] EXT4-fs (sda1): INFO: recovery required on readonly filesystem
[    8.984065] EXT4-fs (sda1): write access will be enabled during recovery
[    9.079696] EXT4-fs (sda1): recovery complete
[    9.081739] EXT4-fs (sda1): mounted filesystem with ordered data mode. Opts: (null)
done.
Begin: Running /scripts/local-bottom ... done.
Begin: Running /scripts/init-bottom ... done.
[    9.253533] systemd[1]: systemd 229 running in system mode. (+PAM +AUDIT +SELINUX +IMA +APPARMOR +SMACK +SYSVINIT +UTMP +LIBCRYPTSETUP +GCRYPT +GNUTLS +ACL +XZ -LZ4 +SECCOMP +BLKID +ELFUTILS +KMOD -IDN)
[    9.259169] systemd[1]: Detected virtualization oracle.
[    9.260997] systemd[1]: Detected architecture x86.

Welcome to [1mUbuntu 16.04.7 LTS[0m!

[    9.267741] systemd[1]: Set hostname to <ubuntu-xenial>.
[    9.464924] systemd[1]: Created slice System Slice.
[[0;32m  OK  [0m] Created slice System Slice.
[    9.467932] systemd[1]: Listening on fsck to fsckd communication Socket.
[[0;32m  OK  [0m] Listening on fsck to fsckd communication Socket.
[    9.471901] systemd[1]: Created slice User and Session Slice.
[[0;32m  OK  [0m] Created slice User and Session Slice.
[    9.475120] systemd[1]: Reached target User and Group Name Lookups.
[[0;32m  OK  [0m] Reached target User and Group Name Lookups.
[    9.478627] systemd[1]: Listening on Journal Audit Socket.
[[0;32m  OK  [0m] Listening on Journal Audit Socket.
[    9.481755] systemd[1]: Listening on Syslog Socket.
[[0;32m  OK  [0m] Listening on Syslog Socket.
[    9.484610] systemd[1]: Listening on udev Kernel Socket.
[[0;32m  OK  [0m] Listening on udev Kernel Socket.
[    9.487637] systemd[1]: Started Forward Password Requests to Wall Directory Watch.
[[0;32m  OK  [0m] Started Forward Password Requests to Wall Directory Watch.
[    9.491813] systemd[1]: Listening on Journal Socket (/dev/log).
[[0;32m  OK  [0m] Listening on Journal Socket (/dev/log).
[    9.495148] systemd[1]: Listening on udev Control Socket.
[[0;32m  OK  [0m] Listening on udev Control Socket.
[    9.498256] systemd[1]: Started Trigger resolvconf update for networkd DNS.
[[0;32m  OK  [0m] Started Trigger resolvconf update for networkd DNS.
[    9.502008] systemd[1]: Reached target Slices.
[[0;32m  OK  [0m] Reached target Slices.
[    9.504672] systemd[1]: Reached target Encrypted Volumes.
[[0;32m  OK  [0m] Reached target Encrypted Volumes.
[    9.507686] systemd[1]: Listening on LVM2 poll daemon socket.
[[0;32m  OK  [0m] Listening on LVM2 poll daemon socket.
[    9.510966] systemd[1]: Listening on Journal Socket.
[[0;32m  OK  [0m] Listening on Journal Socket.
[    9.529362] systemd[1]: Starting File System Check on Root Device...
         Starting File System Check on Root Device...
[    9.534177] systemd[1]: Starting Create list of required static device nodes for the current kernel...
         Starting Create list of required st... nodes for the current kernel...
[    9.541361] systemd[1]: Mounting Huge Pages File System...
         Mounting Huge Pages File System...
[    9.546092] systemd[1]: Starting Nameserver information manager...
         Starting Nameserver information manager...
[    9.552873] systemd[1]: Starting Journal Service...
         Starting Journal Service...
[    9.565626] systemd[1]: Starting Load Kernel Modules...
         Starting Load Kernel Modules...
[    9.572201] systemd[1]: Starting Uncomplicated firewall...
         Starting Uncomplicated firewall...
[    9.578127] systemd[1]: Reached target System Time Synchronized.
[[0;32m  OK  [0m] Reached target System Time Synchronized.
[    9.592751] systemd[1]: Created slice system-serial\x2dgetty.slice.
[[0;32m  OK  [0m] Created slice system-serial\x2dgetty.slice.
[    9.598598] systemd[1]: Mounting Debug File System...
         Mounting Debug File System...
[    9.610615] systemd[1]: Set up automount Arbitrary Executable File Formats File System Automount Point.
[[0;32m  OK  [0m] Set up automount Arbitrary Executab...ats File System Automount Point.
[    9.618697] Loading iSCSI transport class v2.0-870.
[    9.622688] systemd[1]: Listening on LVM2 metadata daemon socket.
[[0;32m  OK  [0m] Listening on LVM2 metadata daemon socket.
[    9.644669] systemd[1]: Mounting POSIX Message Queue File System...
[    9.647218] iscsi: registered transport (tcp)
         Mounting POSIX Message Queue File System...
[    9.650096] systemd[1]: Reached target Swap.
[[0;32m  OK  [0m] Reached target Swap.
[    9.653869] systemd[1]: Listening on /dev/initctl Compatibility Named Pipe.
[[0;32m  OK  [0m] Listening on /dev/initctl Compatibility Named Pipe.
[    9.658998] systemd[1]: Starting Set console keymap...
         Starting Set console keymap...
[    9.662543] systemd[1]: Listening on Device-mapper event daemon FIFOs.
[[0;32m  OK  [0m] Listening on Device-mapper event daemon FIFOs.
[    9.669149] systemd[1]: Starting Monitoring of LVM2 mirrors, snapshots etc. using dmeventd or progress polling...
         Starting Monitoring of LVM2 mirrors... dmeventd or progress polling...
[    9.679674] systemd[1]: Mounted Huge Pages File System.
[[0;32m  OK  [0m] Mounted Huge Pages File System.
[    9.683479] systemd[1]: Mounted Debug File System.
[[0;32m  OK  [0m] Mounted Debug File System.
[    9.687868] systemd[1]: Mounted POSIX Message Queue File System.
[[0;32m  OK  [0m] Mounted POSIX Message Queue File System.
[    9.692170] systemd[1]: Started Journal Service.
[[0;32m  OK  [0m] Started Journal Service.
[[0;32m  OK  [0m] Started File System Check on Root Device.
[[0;32m  OK  [0m] Started Create list of required sta...ce nodes for the current kernel.
[[0;32m  OK  [0m] Started Uncomplicated firewall.
[[0;32m  OK  [0m] Started File System Check Daemon to report status.
         Starting Create Static Device Nodes in /dev...
         Starting Remount Root and Kernel File Systems...
[[0;32m  OK  [0m] Started Nameserver information manager.
[    9.755877] EXT4-fs (sda1): re-mounted. Opts: (null)
[[0;32m  OK  [0m] Started LVM2 metadata daemon.
[[0;32m  OK  [0m] Started Remount Root and Kernel File Systems.
         Starting Load/Save Random Seed...
         Starting udev Coldplug all Devices...
         Starting Flush Journal to Persistent Storage...
[[0;32m  OK  [0m] Started Create Static Device Nodes in /dev.
[[0;32m  OK  [0m] Started Load/Save Random Seed.
         Starting udev Kernel Device Manager...
[[0;32m  OK  [0m] Started Set console keymap.
[    9.850678] systemd-journald[373]: Received request to flush runtime journal from PID 1
[[0;32m  OK  [0m] Started Flush Journal to Persistent Storage.
[    9.867593] iscsi: registered transport (iser)
[[0;32m  OK  [0m] Started Load Kernel Modules.
         Mounting FUSE Control File System...
         Starting Apply Kernel Variables...
[[0;32m  OK  [0m] Mounted FUSE Control File System.
[[0;32m  OK  [0m] Started Apply Kernel Variables.
[[0;32m  OK  [0m] Started udev Kernel Device Manager.
[[0;32m  OK  [0m] Started udev Coldplug all Devices.
[[0;32m  OK  [0m] Started Dispatch Password Requests to Console Directory Watch.
[[0;32m  OK  [0m] Found device /dev/ttyS0.
[[0;32m  OK  [0m] Listening on Load/Save RF Kill Switch Status /dev/rfkill Watch.
[[0;32m  OK  [0m] Started Monitoring of LVM2 mirrors,...ng dmeventd or progress polling.
[[0;32m  OK  [0m] Reached target Local File Systems (Pre).
[[0;32m  OK  [0m] Reached target Local File Systems.
         Starting Create Volatile Files and Directories...
         Starting LSB: AppArmor initialization...
         Starting Tell Plymouth To Write Out Runtime Data...
         Starting Set console font and keymap...
         Starting Initial cloud-init job (pre-networking)...
[[0;32m  OK  [0m] Started Tell Plymouth To Write Out Runtime Data.
[[0;32m  OK  [0m] Started Create Volatile Files and Directories.
         Starting Update UTMP about System Boot/Shutdown...
[[0;32m  OK  [0m] Started Update UTMP about System Boot/Shutdown.
[[0;32m  OK  [0m] Found device 82540EM Gigabit Ethern...r (PRO/1000 MT Desktop Adapter).
[[0;32m  OK  [0m] Started LSB: AppArmor initialization.
         Starting Load AppArmor profiles managed internally by snapd...
[[0;32m  OK  [0m] Started Load AppArmor profiles managed internally by snapd.
[[0;32m  OK  [0m] Started Set console font and keymap.
[[0;32m  OK  [0m] Created slice system-getty.slice.
[   11.911776] cloud-init[546]: Cloud-init v. 21.1-19-gbad84ad4-0ubuntu1~16.04.2 running 'init-local' at Wed, 14 Jul 2021 02:17:14 +0000. Up 11.51 seconds.
[[0;32m  OK  [0m] Started Initial cloud-init job (pre-networking).
[[0;32m  OK  [0m] Reached target Network (Pre).
         Starting Raise network interfaces...
[[0;32m  OK  [0m] Started ifup for enp0s3.
[[0;32m  OK  [0m] Started Raise network interfaces.
[[0;32m  OK  [0m] Reached target Network.
         Starting Initial cloud-init job (metadata service crawler)...
[   13.128091] cloud-init[975]: Cloud-init v. 21.1-19-gbad84ad4-0ubuntu1~16.04.2 running 'init' at Wed, 14 Jul 2021 02:17:15 +0000. Up 12.72 seconds.
[   13.130343] cloud-init[975]: ci-info: ++++++++++++++++++++++++++++++++++++++Net device info++++++++++++++++++++++++++++++++++++++
[   13.132545] cloud-init[975]: ci-info: +--------+------+----------------------------+---------------+--------+-------------------+
[   13.140519] cloud-init[975]: ci-info: | Device |  Up  |          Address           |      Mask     | Scope  |     Hw-Address    |
[   13.148565] cloud-init[975]: ci-info: +--------+------+----------------------------+---------------+--------+-------------------+
[   13.156553] cloud-init[975]: ci-info: | enp0s3 | True |         10.0.2.15          | 255.255.255.0 | global | 02:75:b3:6b:bb:51 |
[   13.164540] cloud-init[975]: ci-info: | enp0s3 | True | fe80::75:b3ff:fe6b:bb51/64 |       .       |  link  | 02:75:b3:6b:bb:51 |
[   13.172524] cloud-init[975]: ci-info: |   lo   | True |         127.0.0.1          |   255.0.0.0   |  host  |         .         |
[   13.180518] cloud-init[975]: ci-info: |   lo   | True |          ::1/128           |       .       |  host  |         .         |
[   13.182755] cloud-init[975]: ci-info: +--------+------+----------------------------+---------------+--------+-------------------+
[   13.185679] cloud-init[975]: ci-info: +++++++++++++++++++++++++++Route IPv4 info++++++++++++++++++++++++++++
[   13.188555] cloud-init[975]: ci-info: +-------+-------------+----------+---------------+-----------+-------+
[   13.191604] cloud-init[975]: ci-info: | Route | Destination | Gateway  |    Genmask    | Interface | Flags |
[   13.194626] cloud-init[975]: ci-info: +-------+-------------+----------+---------------+-----------+-------+
[   13.197587] cloud-init[975]: ci-info: |   0   |   0.0.0.0   | 10.0.2.2 |    0.0.0.0    |   enp0s3  |   UG  |
[   13.200520] cloud-init[975]: ci-info: |   1   |   10.0.2.0  | 0.0.0.0  | 255.255.255.0 |   enp0s3  |   U   |
[   13.203401] cloud-init[975]: ci-info: +-------+-------------+----------+---------------+-----------+-------+[[0;32m  OK  [0m] Started Initial cloud-init job (metadata service crawler).
[[0;32m  OK  [0m] Reached target Network is Online.

[   13.209732] cloud-init[975]: ci-info: +++++++++++++++++++Route IPv6 info+++++++++++++++++++
[   13.211784] cloud-init[975]: ci-info: +-------+-------------+---------+-----------+-------+
[   13.213904] cloud-init[975]: ci-info: | Route | Destination | Gateway | Interface | Flags |
[   13.215925] cloud-init[975]: ci-info: +-------+-------------+---------+-----------+-------+
[   13.217977] cloud-init[975]: ci-info: |   0   |  fe80::/64  |    ::   |   enp0s3  |   U   |
[   13.220035] cloud-init[975]: ci-info: |   3   |   ff00::/8  |    ::   |   enp0s3  |   U   |
[   13.222241] cloud-init[975]: ci-info: +-------+-------------+---------+-----------+-------+
         Starting iSCSI initiator daemon (iscsid)...
[[0;32m  OK  [0m] Reached target Cloud-config availability.
[[0;32m  OK  [0m] Reached target System Initialization.
[[0;32m  OK  [0m] Started Message of the Day.
[[0;32m  OK  [0m] Started Daily apt download activities.
         Starting Socket activation for snappy daemon.
[[0;32m  OK  [0m] Started Daily apt upgrade and clean activities.
[[0;32m  OK  [0m] Listening on D-Bus System Message Bus Socket.
[[0;32m  OK  [0m] Started Ubuntu Advantage update messaging.
[[0;32m  OK  [0m] Listening on ACPID Listen Socket.
         Starting LXD - unix socket.
[[0;32m  OK  [0m] Started ACPI Events Check.
[[0;32m  OK  [0m] Reached target Paths.
[[0;32m  OK  [0m] Started Daily Cleanup of Temporary Directories.
[[0;32m  OK  [0m] Reached target Timers.
[[0;32m  OK  [0m] Listening on UUID daemon activation socket.
[[0;32m  OK  [0m] Listening on Socket activation for snappy daemon.
[[0;32m  OK  [0m] Listening on LXD - unix socket.
[[0;32m  OK  [0m] Started iSCSI initiator daemon (iscsid).
         Starting Login to default iSCSI targets...
[[0;32m  OK  [0m] Reached target Sockets.
[[0;32m  OK  [0m] Reached target Basic System.
         Starting LXD - container startup/shutdown...
[[0;32m  OK  [0m] Started An object/document-oriented database.
         Starting Accounts Service...
         Starting System Logging Service...
[[0;32m  OK  [0m] Started Deferred execution scheduler.
         Starting Virtualbox guest utils...
[[0;32m  OK  [0m] Started D-Bus System Message Bus.
         Starting /etc/rc.local Compatibility...
         Starting Snap Daemon...
         Starting Advanced key-value store...
[[0;32m  OK  [0m] Started FUSE filesystem for LXC.
         Starting LSB: MD monitoring daemon...
         Starting OpenBSD Secure Shell server...
[[0;32m  OK  [0m] Started Regular background program processing daemon.
         Starting LSB: Record successful boot for GRUB...
[[0;32m  OK  [0m] Started ACPI event daemon.
         Starting Login Service...
[[0;32m  OK  [0m] Started System Logging Service.
[[0;32m  OK  [0m] Started /etc/rc.local Compatibility.
         Starting Authenticate and Authorize Users to Run Privileged Tasks...
[[0;32m  OK  [0m] Started Login Service.
[[0;32m  OK  [0m] Started Unattended Upgrades Shutdown.
[[0;32m  OK  [0m] Started Login to default iSCSI targets.
[[0;32m  OK  [0m] Reached target Remote File Systems (Pre).
         Mounting /home/vagrant/app...
         Mounting /vagrant...
[[0;1;31mFAILED[0m] Failed to mount /vagrant.
See 'systemctl status vagrant.mount' for details.
[[0;1;33mDEPEND[0m] Dependency failed for Remote File Systems.
         Starting Permit User Sessions...
         Starting LSB: Set the CPU Frequency Scaling governor to "ondemand"...
         Starting LSB: daemon to balance interrupts for SMP systems...
         Starting LSB: automatic crash report generation...
[[0;32m  OK  [0m] Started Permit User Sessions.
         Starting Terminate Plymouth Boot Screen...
         Starting Hold until boot process finishes up...
[[0;32m  OK  [0m] Started Hold until boot process finishes up.
[[0;32m  OK  [0m] Started LSB: Record successful boot for GRUB.
[[0;32m  OK  [0m] Started Terminate Plymouth Boot Screen.
[[0;32m  OK  [0m] Started Getty on tty1.
         Starting Set console scheme...
[[0;32m  OK  [0m] Started Serial Getty on ttyS0.
[[0;32m  OK  [0m] Reached target Login Prompts.
[[0;32m  OK  [0m] Started LXD - container startup/shutdown.
[[0;32m  OK  [0m] Started Set console scheme.
[[0;32m  OK  [0m] Started Authenticate and Authorize Users to Run Privileged Tasks.
[[0;32m  OK  [0m] Started Accounts Service.
[[0;32m  OK  [0m] Started LSB: MD monitoring daemon.
[[0;32m  OK  [0m] Started OpenBSD Secure Shell server.
[[0;1;31mFAILED[0m] Failed to mount /home/vagrant/app.
See 'systemctl status home-vagrant-app.mount' for details.
[[0;32m  OK  [0m] Started LSB: Set the CPU Frequency Scaling governor to "ondemand".
[[0;32m  OK  [0m] Started Virtualbox guest utils.
[[0;32m  OK  [0m] Started LSB: automatic crash report generation.
[[0;32m  OK  [0m] Started LSB: daemon to balance interrupts for SMP systems.
[[0;32m  OK  [0m] Started Advanced key-value store.
[[0;32m  OK  [0m] Started Snap Daemon.
         Starting Wait until snapd is fully seeded...
[[0;32m  OK  [0m] Started Wait until snapd is fully seeded.
         Starting Apply the settings specified in cloud-config...
[[0;32m  OK  [0m] Reached target Multi-User System.
[[0;32m  OK  [0m] Reached target Graphical Interface.
         Starting Update UTMP about System Runlevel Changes...
[[0;32m  OK  [0m] Started Update UTMP about System Runlevel Changes.
[   15.374426] cloud-init[1282]: Cloud-init v. 21.1-19-gbad84ad4-0ubuntu1~16.04.2 running 'modules:config' at Wed, 14 Jul 2021 02:17:18 +0000. Up 15.22 seconds.
[[0;32m  OK  [0m] Started Apply the settings specified in cloud-config.
         Starting Execute cloud user/final scripts...
[   16.173618] cloud-init[1296]: Cloud-init v. 21.1-19-gbad84ad4-0ubuntu1~16.04.2 running 'modules:final' at Wed, 14 Jul 2021 02:17:19 +0000. Up 15.97 seconds.
[   16.180571] cloud-init[1296]: Cloud-init v. 21.1-19-gbad84ad4-0ubuntu1~16.04.2 finished at Wed, 14 Jul 2021 02:17:19 +0000. Datasource DataSourceNoCloud [seed=/dev/sdb][dsmode=net].  Up 16.16 seconds
[[0;32m  OK  [0m] Started Execute cloud user/final scripts.
[[0;32m  OK  [0m] Reached target Cloud-init target.

Ubuntu 16.04.7 LTS ubuntu-xenial ttyS0

ubuntu-xenial login: 